<Buffer 38 47 00 00 c3 4f fd 22 00 00 00 00 00 00 94 00 51 00 00 00 40 00 00 00 10 3a 00 00 b0 3e 00 00 54 3f 00 00 58 3f 00 00 5c 3f 00 00 ff ff ff ff ff ff ... 18182 more bytes>
{
  fileSize: 18232,
  formatType: 587026371,
  version: 0,
  flags: 0,
  jointCount: 148,
  influencesCount: 81,
  jointsOffset: 64,
  jointIndicesOffset: 14864,
  influencesOffset: 16048,
  nameOffset: 16212,
  assetNameOffset: 16216,
  boneNamesOffset: 16220,
  reservedOffset1: -1,
  reservedOffset2: -1,
  reservedOffset3: -1,
  reservedOffset4: -1,
  reservedOffset5: -1,
  currentOffset: 16213,
  joints: [
    {
      flags: 0,
      id: 0,
      parent: -1,
      padding: 0,
      nameHash: 497252,
      radius: 2.0999999046325684,
      localTranslation: { x: 0, y: 140.7220916748047, z: 0 },
      localScale: { x: 1, y: 1, z: 1 },
      localRotation: { x: 0, y: 0.9999999403953552, z: 0, w: 0 },
      inverseBindTranslation: { x: 0, y: -140.7220916748047, z: 0 },
      inverseBindScale: {
        x: 0.9999999403953552,
        y: 0.9999999403953552,
        z: 0.9999999403953552
      },
      inverseBindRotation: { x: 0, y: 1, z: 0, w: 0 },
      nameOffset: 16060,
      currentOffset: 164,
      name: 'Root'
    },
    {
      flags: 0,
      id: 1,
      parent: 0,
      padding: 0,
      nameHash: 128386177,
      radius: 2.0999999046325684,
      localTranslation: { x: 0, y: 9.171112060546875, z: -1.2194448709487915 },
      localScale: {
        x: 0.9999999403953552,
        y: 0.9999999403953552,
        z: 0.9999999403953552
      },
      localRotation: { x: 0, y: -0, z: 0, w: 0.9999999403953552 },
      inverseBindTranslation: { x: 0, y: -149.89320373535156, z: 1.219444990158081 },
      inverseBindScale: {
        x: 0.9999999403953552,
        y: 0.9999999403953552,
        z: 0.9999999403953552
      },
      inverseBindRotation: { x: 0, y: 1, z: 0, w: 0 },
      nameOffset: 15968,
      currentOffset: 264,
      name: 'Spine1'
    },
    {
      flags: 0,
      id: 2,
      parent: 1,
      padding: 0,
      nameHash: 128386178,
      radius: 2.0999999046325684,
      localTranslation: { x: 0, y: 12.56939697265625, z: 0.9907861948013306 },
      localScale: {
        x: 0.9999999403953552,
        y: 0.9999999403953552,
        z: 0.9999999403953552
      },
      localRotation: { x: 0, y: -0, z: 0, w: 0.9999999403953552 },
      inverseBindTranslation: { x: 0, y: -162.4626007080078, z: 0.22865869104862213 },
      inverseBindScale: {
        x: 0.9999999403953552,
        y: 0.9999999403953552,
        z: 0.9999999403953552
      },
      inverseBindRotation: { x: 0, y: 1, z: 0, w: 0 },
      nameOffset: 15876,
      currentOffset: 364,
      name: 'Spine2'
    },
    {
      flags: 0,
      id: 3,
      parent: 2,
      padding: 0,
      nameHash: 478107,
      radius: 2.0999999046325684,
      localTranslation: { x: 0, y: 18.697296142578125, z: 5.535626411437988 },
      localScale: {
        x: 0.9999999403953552,
        y: 0.9999999403953552,
        z: 0.9999999403953552
      },
      localRotation: { x: 0, y: -0, z: 0, w: 0.9999999403953552 },
      inverseBindTranslation: { x: 0, y: -181.15989685058594, z: -5.3069682121276855 },
      inverseBindScale: {
        x: 0.9999999403953552,
        y: 0.9999999403953552,
        z: 0.9999999403953552
      },
      inverseBindRotation: { x: 0, y: 1, z: 0, w: 0 },
      nameOffset: 15784,
      currentOffset: 464,
      name: 'Neck'
    },
    {
      flags: 0,
      id: 4,
      parent: 3,
      padding: 0,
      nameHash: 453492,
      radius: 2.0999999046325684,
      localTranslation: { x: 0, y: 8.2987060546875, z: -3.092885971069336 },
      localScale: {
        x: 0.9999999403953552,
        y: 0.9999999403953552,
        z: 0.9999999403953552
      },
      localRotation: { x: 0, y: -0, z: 0, w: 0.9999999403953552 },
      inverseBindTranslation: { x: 0, y: -189.45860290527344, z: -2.2140820026397705 },
      inverseBindScale: {
        x: 0.9999999403953552,
        y: 0.9999999403953552,
        z: 0.9999999403953552
      },
      inverseBindRotation: { x: 0, y: 1, z: 0, w: 0 },
      nameOffset: 15692,
      currentOffset: 564,
      name: 'Head'
    },
    {
      flags: 0,
      id: 5,
      parent: 4,
      padding: 0,
      nameHash: 8846564,
      radius: 2.0999999046325684,
      localTranslation: { x: 0, y: 19.069015502929688, z: 10.041023254394531 },
      localScale: { x: 1, y: 1, z: 0.9999999403953552 },
      localRotation: {
        x: 0.3411407768726349,
        y: 0.6193729639053345,
        z: 0.3411407768726349,
        w: 0.6193730235099792
      },
      inverseBindTranslation: { x: -169.69180297851562, y: -121.8139877319336, z: 0 },
      inverseBindScale: {
        x: 0.9999999403953552,
        y: 0.9999998807907104,
        z: 0.9999998807907104
      },
      inverseBindRotation: {
        x: 0.34074971079826355,
        y: 0.6186630129814148,
        z: -0.34074971079826355,
        w: 0.6205124855041504
      },
      nameOffset: 15600,
      currentOffset: 664,
      name: 'Hair_Root'
    },
    {
      flags: 0,
      id: 6,
      parent: 5,
      padding: 0,
      nameHash: 3140836,
      radius: 2.0999999046325684,
      localTranslation: { x: 3.8464508056640625, y: 2.9357681274414062, z: 0 },
      localScale: {
        x: 0.9999997615814209,
        y: 0.9999997615814209,
        z: 0.9999999403953552
      },
      localRotation: { x: 0, y: 0, z: -0.07991472631692886, w: 0.9968017339706421 },
      inverseBindTranslation: { x: -151.44679260253906, y: -150.80419921875, z: 0 },
      inverseBindScale: {
        x: 0.9999999403953552,
        y: 0.9999999403953552,
        z: 0.9999999403953552
      },
      inverseBindRotation: {
        x: 0.2901707887649536,
        y: 0.6438068747520447,
        z: -0.2901707887649536,
        w: 0.6458442211151123
      },
      nameOffset: 15512,
      currentOffset: 764,
      name: 'C_Hair_Root'
    },
    {
      flags: 0,
      id: 7,
      parent: 6,
      padding: 0,
      nameHash: 157188145,
      radius: 2.0999999046325684,
      localTranslation: { x: -22.885269165039062, y: 0.0000762939453125, z: 0 },
      localScale: {
        x: 0.9999999403953552,
        y: 0.9999999403953552,
        z: 0.9999999403953552
      },
      localRotation: { x: 0, y: 0, z: 0.08560304343700409, w: 0.9963293075561523 },
      inverseBindTranslation: { x: -152.40118408203125, y: -126.66439819335938, z: 0 },
      inverseBindScale: {
        x: 0.9999999403953552,
        y: 0.9999999403953552,
        z: 0.9999999403953552
      },
      inverseBindRotation: {
        x: 0.34428465366363525,
        y: 0.6167243719100952,
        z: -0.34428465366363525,
        w: 0.6185364127159119
      },
      nameOffset: 15424,
      currentOffset: 864,
      name: 'C_Hair1'
    },
    {
      flags: 0,
      id: 8,
      parent: 7,
      padding: 0,
      nameHash: 157188146,
      radius: 2.0999999046325684,
      localTranslation: { x: -21.61358642578125, y: -0.0000457763671875, z: 0 },
      localScale: {
        x: 0.9999999403953552,
        y: 0.9999999403953552,
        z: 0.9999999403953552
      },
      localRotation: { x: 0, y: 0, z: 0.059963975101709366, w: 0.998200535774231 },
      inverseBindTranslation: { x: -145.0102996826172, y: -110.09660339355469, z: 0 },
      inverseBindScale: {
        x: 0.9999999403953552,
        y: 0.9999999403953552,
        z: 0.9999999403953552
      },
      inverseBindRotation: {
        x: 0.3807918429374695,
        y: 0.595197319984436,
        z: -0.3807918429374695,
        w: 0.5964357256889343
      },
      nameOffset: 15332,
      currentOffset: 964,
      name: 'C_Hair2'
    },
    {
      flags: 0,
      id: 9,
      parent: 8,
      padding: 0,
      nameHash: 157188147,
      radius: 2.0999999046325684,
      localTranslation: { x: -26.699798583984375, y: 0, z: 0 },
      localScale: {
        x: 0.9999999403953552,
        y: 0.9999999403953552,
        z: 0.9999999403953552
      },
      localRotation: { x: 0, y: 0, z: -1.4901162970204496e-8, w: 0.9999999403953552 },
      inverseBindTranslation: { x: -118.31050109863281, y: -110.09660339355469, z: 0 },
      inverseBindScale: {
        x: 0.9999999403953552,
        y: 0.9999999403953552,
        z: 0.9999999403953552
      },
      inverseBindRotation: {
        x: 0.3807918429374695,
        y: 0.595197319984436,
        z: -0.3807918429374695,
        w: 0.5964357256889343
      },
      nameOffset: 15240,
      currentOffset: 1064,
      name: 'C_Hair3'
    },
    {
      flags: 0,
      id: 10,
      parent: 9,
      padding: 0,
      nameHash: 157188148,
      radius: 2.0999999046325684,
      localTranslation: { x: -11.49951171875, y: -0.000003814697265625, z: 0 },
      localScale: {
        x: 0.9999999403953552,
        y: 0.9999999403953552,
        z: 0.9999999403953552
      },
      localRotation: { x: 0, y: 0, z: -1.4901162970204496e-8, w: 0.9999999403953552 },
      inverseBindTranslation: { x: -106.81099700927734, y: -110.09660339355469, z: 0 },
      inverseBindScale: {
        x: 0.9999999403953552,
        y: 0.9999999403953552,
        z: 0.9999999403953552
      },
      inverseBindRotation: {
        x: 0.3807918429374695,
        y: 0.595197319984436,
        z: -0.3807918429374695,
        w: 0.5964357256889343
      },
      nameOffset: 15148,
      currentOffset: 1164,
      name: 'C_Hair4'
    },
    {
      flags: 0,
      id: 11,
      parent: 5,
      padding: 0,
      nameHash: 1371364,
      radius: 2.0999999046325684,
      localTranslation: {
        x: -0.1546783447265625,
        y: -1.4027099609375,
        z: 5.774574279785156
      },
      localScale: {
        x: 0.9999998211860657,
        y: 0.9999998807907104,
        z: 0.9999999403953552
      },
      localRotation: {
        x: 0.319044828414917,
        y: 0.1491011083126068,
        z: -0.09513311088085175,
        w: 0.9310901761054993
      },
      inverseBindTranslation: {
        x: -147.10098266601562,
        y: -143.1495819091797,
        z: 33.831295013427734
      },
      inverseBindScale: {
        x: 0.9999998807907104,
        y: 0.9999998807907104,
        z: 0.9999999403953552
      },
      inverseBindRotation: {
        x: 0.11171142756938934,
        y: 0.40702739357948303,
        z: -0.4045288562774658,
        w: 0.8112988471984863
      },
      nameOffset: 15056,
      currentOffset: 1264,
      name: 'L_Hair_Root'
    },
    {
      flags: 0,
      id: 12,
      parent: 11,
      padding: 0,
      nameHash: 39747617,
      radius: 2.0999999046325684,
      localTranslation: {
        x: -16.900283813476562,
        y: 0.0000152587890625,
        z: -0.000003814697265625
      },
      localScale: {
        x: 0.9999998807907104,
        y: 0.9999998807907104,
        z: 0.9999998807907104
      },
      localRotation: {
        x: 7.530378098863366e-9,
        y: 0,
        z: 0.14519290626049042,
        w: 0.9894033670425415
      },
      inverseBindTranslation: {
        x: -165.83929443359375,
        y: -99.70634460449219,
        z: 33.831302642822266
      },
      inverseBindScale: {
        x: 0.9999999403953552,
        y: 0.9999999403953552,
        z: 0.9999999403953552
      },
      inverseBindRotation: {
        x: 0.16982676088809967,
        y: 0.3869538903236389,
        z: -0.5182439684867859,
        w: 0.7435381412506104
      },
      nameOffset: 14968,
      currentOffset: 1364,
      name: 'L_Hair1'
    },
    {
      flags: 0,
      id: 13,
      parent: 12,
      padding: 0,
      nameHash: 39747618,
      radius: 2.0999999046325684,
      localTranslation: { x: -17.652084350585938, y: 0, z: -0.0000019073486328125 },
      localScale: { x: 1, y: 1, z: 0.9999998807907104 },
      localRotation: {
        x: -7.450581485102248e-9,
        y: -7.450581485102248e-9,
        z: 0,
        w: 1
      },
      inverseBindTranslation: {
        x: -148.18722534179688,
        y: -99.70634460449219,
        z: 33.831302642822266
      },
      inverseBindScale: {
        x: 0.9999999403953552,
        y: 0.9999999403953552,
        z: 0.9999999403953552
      },
      inverseBindRotation: {
        x: 0.16982676088809967,
        y: 0.3869538903236389,
        z: -0.5182439684867859,
        w: 0.7435381412506104
      },
      nameOffset: 14876,
      currentOffset: 1464,
      name: 'L_Hair2'
    },
    {
      flags: 0,
      id: 14,
      parent: 13,
      padding: 0,
      nameHash: 39747619,
      radius: 2.0999999046325684,
      localTranslation: { x: -29.1005859375, y: 0, z: 0.0000019073486328125 },
      localScale: { x: 1, y: 1, z: 0.9999998807907104 },
      localRotation: {
        x: -7.450581485102248e-9,
        y: -7.450581485102248e-9,
        z: 0,
        w: 1
      },
      inverseBindTranslation: {
        x: -119.08661651611328,
        y: -99.70634460449219,
        z: 33.831302642822266
      },
      inverseBindScale: {
        x: 0.9999999403953552,
        y: 0.9999999403953552,
        z: 0.9999999403953552
      },
      inverseBindRotation: {
        x: 0.16982676088809967,
        y: 0.3869538903236389,
        z: -0.5182439684867859,
        w: 0.7435381412506104
      },
      nameOffset: 14784,
      currentOffset: 1564,
      name: 'L_Hair3'
    },
    {
      flags: 0,
      id: 15,
      parent: 14,
      padding: 0,
      nameHash: 39747620,
      radius: 2.0999999046325684,
      localTranslation: { x: -13.486122131347656, y: 0, z: 0.0000019073486328125 },
      localScale: { x: 1, y: 1, z: 0.9999998807907104 },
      localRotation: {
        x: -7.450581485102248e-9,
        y: -7.450581485102248e-9,
        z: 0,
        w: 1
      },
      inverseBindTranslation: {
        x: -105.60050201416016,
        y: -99.70632934570312,
        z: 33.831298828125
      },
      inverseBindScale: {
        x: 0.9999999403953552,
        y: 0.9999999403953552,
        z: 0.9999999403953552
      },
      inverseBindRotation: {
        x: 0.16982676088809967,
        y: 0.3869538903236389,
        z: -0.5182439684867859,
        w: 0.7435381412506104
      },
      nameOffset: 14692,
      currentOffset: 1664,
      name: 'L_Hair4'
    },
    {
      flags: 0,
      id: 16,
      parent: 5,
      padding: 0,
      nameHash: 2026724,
      radius: 2.0999999046325684,
      localTranslation: {
        x: -0.15478515625,
        y: -1.402801513671875,
        z: -5.774581432342529
      },
      localScale: {
        x: 0.9999998211860657,
        y: 0.9999998807907104,
        z: 0.9999999403953552
      },
      localRotation: {
        x: -0.1491011083126068,
        y: 0.319044828414917,
        z: 0.9310901761054993,
        w: 0.09513311088085175
      },
      inverseBindTranslation: {
        x: 147.1009063720703,
        y: 143.1494903564453,
        z: -33.83125686645508
      },
      inverseBindScale: {
        x: 0.9999998807907104,
        y: 0.9999998807907104,
        z: 0.9999999403953552
      },
      inverseBindRotation: {
        x: 0.8112988471984863,
        y: -0.4045288562774658,
        z: -0.40702739357948303,
        w: -0.11171142756938934
      },
      nameOffset: 14600,
      currentOffset: 1764,
      name: 'R_Hair_Root'
    },
    {
      flags: 0,
      id: 17,
      parent: 16,
      padding: 0,
      nameHash: 140410913,
      radius: 2.0999999046325684,
      localTranslation: {
        x: 16.879989624023438,
        y: 0.0001068115234375,
        z: -0.0000057220458984375
      },
      localScale: {
        x: 0.9999998807907104,
        y: 0.9999998807907104,
        z: 0.9999998211860657
      },
      localRotation: {
        x: -7.513984989770961e-9,
        y: -7.513984989770961e-9,
        z: 0.12963411211967468,
        w: 0.9915618896484375
      },
      inverseBindTranslation: {
        x: 162.6450958251953,
        y: 104.86088562011719,
        z: -33.83125305175781
      },
      inverseBindScale: {
        x: 0.9999998807907104,
        y: 0.9999998211860657,
        z: 0.9999999403953552
      },
      inverseBindRotation: {
        x: 0.7516952753067017,
        y: -0.5064151883125305,
        z: -0.38948988914489746,
        w: -0.16369256377220154
      },
      nameOffset: 14512,
      currentOffset: 1864,
      name: 'R_Hair1'
    },
    {
      flags: 0,
      id: 18,
      parent: 17,
      padding: 0,
      nameHash: 140410914,
      radius: 2.0999999046325684,
      localTranslation: {
        x: 17.630691528320312,
        y: -0.0001068115234375,
        z: 0.00003910064697265625
      },
      localScale: { x: 0.9999999403953552, y: 1, z: 1 },
      localRotation: {
        x: 7.450580596923828e-9,
        y: -7.450580596923828e-9,
        z: 7.450580596923828e-9,
        w: 0.9999999403953552
      },
      inverseBindTranslation: {
        x: 145.01437377929688,
        y: 104.86099243164062,
        z: -33.83129119873047
      },
      inverseBindScale: {
        x: 0.9999998807907104,
        y: 0.9999998211860657,
        z: 0.9999999403953552
      },
      inverseBindRotation: {
        x: 0.7516952753067017,
        y: -0.5064151883125305,
        z: -0.38948988914489746,
        w: -0.16369256377220154
      },
      nameOffset: 14420,
      currentOffset: 1964,
      name: 'R_Hair2'
    },
    {
      flags: 0,
      id: 19,
      parent: 18,
      padding: 0,
      nameHash: 140410915,
      radius: 2.0999999046325684,
      localTranslation: {
        x: 29.141799926757812,
        y: -0.00510406494140625,
        z: 0.00001430511474609375
      },
      localScale: { x: 0.9999999403953552, y: 1, z: 1 },
      localRotation: {
        x: 7.450580596923828e-9,
        y: -7.450580596923828e-9,
        z: 7.450580596923828e-9,
        w: 0.9999999403953552
      },
      inverseBindTranslation: {
        x: 115.87258911132812,
        y: 104.8660888671875,
        z: -33.831302642822266
      },
      inverseBindScale: {
        x: 0.9999998807907104,
        y: 0.9999998211860657,
        z: 0.9999999403953552
      },
      inverseBindRotation: {
        x: 0.7516952753067017,
        y: -0.5064151883125305,
        z: -0.38948988914489746,
        w: -0.16369256377220154
      },
      nameOffset: 14328,
      currentOffset: 2064,
      name: 'R_Hair3'
    },
    {
      flags: 0,
      id: 20,
      parent: 19,
      padding: 0,
      nameHash: 140410916,
      radius: 2.0999999046325684,
      localTranslation: {
        x: 13.485404968261719,
        y: -0.00029754638671875,
        z: 0.0000514984130859375
      },
      localScale: { x: 0.9999999403953552, y: 1, z: 1 },
      localRotation: {
        x: 7.450580596923828e-9,
        y: -7.450580596923828e-9,
        z: 7.450580596923828e-9,
        w: 0.9999999403953552
      },
      inverseBindTranslation: {
        x: 102.3871841430664,
        y: 104.86637878417969,
        z: -33.831356048583984
      },
      inverseBindScale: {
        x: 0.9999998807907104,
        y: 0.9999998211860657,
        z: 0.9999999403953552
      },
      inverseBindRotation: {
        x: 0.7516952753067017,
        y: -0.5064151883125305,
        z: -0.38948988914489746,
        w: -0.16369256377220154
      },
      nameOffset: 14236,
      currentOffset: 2164,
      name: 'R_Hair4'
    },
    {
      flags: 0,
      id: 21,
      parent: 4,
      padding: 0,
      nameHash: 49953683,
      radius: 2.0999999046325684,
      localTranslation: { x: 0, y: 6.6440887451171875, z: -0.05159783363342285 },
      localScale: {
        x: 0.9999999403953552,
        y: 0.9999999403953552,
        z: 0.9999999403953552
      },
      localRotation: { x: 0, y: -0, z: 0, w: 0.9999999403953552 },
      inverseBindTranslation: { x: 0, y: -196.10269165039062, z: -2.1624841690063477 },
      inverseBindScale: {
        x: 0.9999999403953552,
        y: 0.9999999403953552,
        z: 0.9999999403953552
      },
      inverseBindRotation: { x: 0, y: 1, z: 0, w: 0 },
      nameOffset: 14144,
      currentOffset: 2264,
      name: 'C_Buffbone_Glb_Head_Loc'
    },
    {
      flags: 0,
      id: 22,
      parent: 4,
      padding: 0,
      nameHash: 107648916,
      radius: 2.0999999046325684,
      localTranslation: {
        x: 10.597295761108398,
        y: 12.319366455078125,
        z: 2.0569496154785156
      },
      localScale: {
        x: 0.9999999403953552,
        y: 0.9999998807907104,
        z: 0.9999998807907104
      },
      localRotation: {
        x: 0.46490949392318726,
        y: 0.5345275402069092,
        z: -0.5155614614486694,
        w: -0.48201224207878113
      },
      inverseBindTranslation: {
        x: -199.6343231201172,
        y: -3.018158435821533,
        z: 31.335752487182617
      },
      inverseBindScale: {
        x: 0.9999999403953552,
        y: 0.9999999403953552,
        z: 0.9999999403953552
      },
      inverseBindRotation: {
        x: -0.5155494213104248,
        y: -0.4820009171962738,
        z: -0.46489864587783813,
        w: 0.5345590114593506
      },
      nameOffset: 14068,
      currentOffset: 2364,
      name: 'L_Front_Hair_Root'
    },
    {
      flags: 0,
      id: 23,
      parent: 22,
      padding: 0,
      nameHash: 201586289,
      radius: 2.0999999046325684,
      localTranslation: {
        x: -10.21295166015625,
        y: -0.000010967254638671875,
        z: 0.0000057220458984375
      },
      localScale: { x: 1, y: 1.0000001192092896, z: 1 },
      localRotation: {
        x: -0.0017967147286981344,
        y: 0.07511801272630692,
        z: -0.06441840529441833,
        w: 0.9950900673866272
      },
      inverseBindTranslation: {
        x: -190.00123596191406,
        y: -27.64189338684082,
        z: 2.638284683227539
      },
      inverseBindScale: {
        x: 0.9999999403953552,
        y: 0.9999998807907104,
        z: 0.9999999403953552
      },
      inverseBindRotation: {
        x: -0.44605013728141785,
        y: -0.5521175861358643,
        z: -0.46773919463157654,
        w: 0.5267120599746704
      },
      nameOffset: 13988,
      currentOffset: 2464,
      name: 'L_Front_Hair1'
    },
    {
      flags: 0,
      id: 24,
      parent: 23,
      padding: 0,
      nameHash: 201586290,
      radius: 2.0999999046325684,
      localTranslation: {
        x: -8.912200927734375,
        y: 0.00006103515625,
        z: 0.00002193450927734375
      },
      localScale: {
        x: 0.9999999403953552,
        y: 0.9999998211860657,
        z: 0.9999998807907104
      },
      localRotation: {
        x: 0.014747785404324532,
        y: 0.17269207537174225,
        z: -0.0655132308602333,
        w: 0.9826840758323669
      },
      inverseBindTranslation: {
        x: -166.21568298339844,
        y: -51.6148681640625,
        z: -57.205902099609375
      },
      inverseBindScale: {
        x: 0.9999999403953552,
        y: 0.9999999403953552,
        z: 0.9999999403953552
      },
      inverseBindRotation: {
        x: 0.32882118225097656,
        y: 0.6705669164657593,
        z: 0.4935462474822998,
        w: -0.44567790627479553
      },
      nameOffset: 13904,
      currentOffset: 2564,
      name: 'L_Front_Hair2'
    },
    {
      flags: 0,
      id: 25,
      parent: 4,
      padding: 0,
      nameHash: 107255700,
      radius: 2.0999999046325684,
      localTranslation: {
        x: -10.597295761108398,
        y: 12.319366455078125,
        z: 2.0569496154785156
      },
      localScale: {
        x: 0.9999999403953552,
        y: 0.9999998807907104,
        z: 0.9999998807907104
      },
      localRotation: {
        x: -0.48201224207878113,
        y: 0.5155614614486694,
        z: 0.5345275402069092,
        w: -0.46490949392318726
      },
      inverseBindTranslation: {
        x: 199.6343231201172,
        y: 3.018158435821533,
        z: -31.335752487182617
      },
      inverseBindScale: {
        x: 0.9999999403953552,
        y: 0.9999999403953552,
        z: 0.9999999403953552
      },
      inverseBindRotation: {
        x: 0.5343578457832336,
        y: -0.46476200222969055,
        z: 0.4818592965602875,
        w: 0.5160132050514221
      },
      nameOffset: 13820,
      currentOffset: 2664,
      name: 'R_Front_Hair_Root'
    },
    {
      flags: 0,
      id: 26,
      parent: 25,
      padding: 0,
      nameHash: 33814129,
      radius: 2.0999999046325684,
      localTranslation: {
        x: 10.21295166015625,
        y: 0.000010967254638671875,
        z: -0.0000057220458984375
      },
      localScale: { x: 1, y: 1.0000001192092896, z: 1 },
      localRotation: {
        x: -0.001796714961528778,
        y: 0.07511801272630692,
        z: -0.06441840529441833,
        w: 0.9950900673866272
      },
      inverseBindTranslation: {
        x: 190.00123596191406,
        y: 27.64189338684082,
        z: -2.638284683227539
      },
      inverseBindScale: {
        x: 0.9999999403953552,
        y: 0.9999998807907104,
        z: 0.9999999403953552
      },
      inverseBindRotation: {
        x: 0.5265504717826843,
        y: -0.46776989102363586,
        z: 0.5522221326828003,
        w: 0.44607940316200256
      },
      nameOffset: 13740,
      currentOffset: 2764,
      name: 'R_Front_Hair1'
    },
    {
      flags: 0,
      id: 27,
      parent: 2,
      padding: 0,
      nameHash: 42720645,
      radius: 2.0999999046325684,
      localTranslation: {
        x: 2.7368876934051514,
        y: 11.08209228515625,
        z: 2.5300323963165283
      },
      localScale: {
        x: 0.9999999403953552,
        y: 0.9999999403953552,
        z: 0.9999999403953552
      },
      localRotation: { x: 0, y: 0.9999999403953552, z: 0, w: 0 },
      inverseBindTranslation: {
        x: 2.7368879318237305,
        y: -173.54469299316406,
        z: 2.3013739585876465
      },
      inverseBindScale: {
        x: 0.9999999403953552,
        y: 0.9999999403953552,
        z: 0.9999999403953552
      },
      inverseBindRotation: { x: 0, y: 0, z: 0, w: 1 },
      nameOffset: 13656,
      currentOffset: 2864,
      name: 'L_Clavicle'
    },
    {
      flags: 0,
      id: 28,
      parent: 27,
      padding: 0,
      nameHash: 258804818,
      radius: 2.0999999046325684,
      localTranslation: {
        x: -9.766427993774414,
        y: 2.5850677490234375,
        z: -5.838018417358398
      },
      localScale: {
        x: 0.9999998807907104,
        y: 0.9999998807907104,
        z: 0.9999999403953552
      },
      localRotation: {
        x: -0.0030487498734146357,
        y: -0.01853349059820175,
        z: 0.16228757798671722,
        w: 0.9865647554397583
      },
      inverseBindTranslation: {
        x: -44.2934684753418,
        y: -170.94918823242188,
        z: 7.66404390335083
      },
      inverseBindScale: {
        x: 0.9999999403953552,
        y: 0.9999999403953552,
        z: 0.9999999403953552
      },
      inverseBindRotation: {
        x: 0.0030388166196644306,
        y: 0.01847311109304428,
        z: -0.1617589294910431,
        w: 0.986652672290802
      },
      nameOffset: 13568,
      currentOffset: 2964,
      name: 'L_Shoulder'
    },
    {
      flags: 0,
      id: 29,
      parent: 28,
      padding: 0,
      nameHash: 39594263,
      radius: 2.0999999046325684,
      localTranslation: {
        x: -34.040000915527344,
        y: -0.0000457763671875,
        z: -0.000024199485778808594
      },
      localScale: {
        x: 0.9999998211860657,
        y: 0.9999998807907104,
        z: 0.9999998211860657
      },
      localRotation: {
        x: 0.043646302074193954,
        y: 0.14202921092510223,
        z: -0.027616482228040695,
        w: 0.9885140657424927
      },
      inverseBindTranslation: {
        x: -4.7805304527282715,
        y: -170.12278747558594,
        z: 20.563478469848633
      },
      inverseBindScale: {
        x: 0.9999999403953552,
        y: 0.9999999403953552,
        z: 0.9999999403953552
      },
      inverseBindRotation: {
        x: -0.017451688647270203,
        y: -0.1283821016550064,
        z: -0.13312126696109772,
        w: 0.9825945496559143
      },
      nameOffset: 13480,
      currentOffset: 3064,
      name: 'L_Elbow'
    },
    {
      flags: 0,
      id: 30,
      parent: 29,
      padding: 0,
      nameHash: 119924804,
      radius: 2.0999999046325684,
      localTranslation: { x: -31.118247985839844, y: 0, z: 0.0000133514404296875 },
      localScale: {
        x: 1.000000238418579,
        y: 1.0000001192092896,
        z: 1.0000001192092896
      },
      localRotation: {
        x: 1.6763804566721774e-8,
        y: 1.4528630742915993e-7,
        z: -5.355104093496266e-8,
        w: 0.9999999403953552
      },
      inverseBindTranslation: {
        x: 26.337717056274414,
        y: -170.12278747558594,
        z: 20.563478469848633
      },
      inverseBindScale: {
        x: 0.9999999403953552,
        y: 0.9999998807907104,
        z: 0.9999998807907104
      },
      inverseBindRotation: {
        x: -0.017451684921979904,
        y: -0.12838226556777954,
        z: -0.13312123715877533,
        w: 0.9825945496559143
      },
      nameOffset: 13388,
      currentOffset: 3164,
      name: 'L_Hand'
    },
    {
      flags: 0,
      id: 31,
      parent: 30,
      padding: 0,
      nameHash: 254884755,
      radius: 2.0999999046325684,
      localTranslation: {
        x: -4.884071350097656,
        y: -0.97216796875,
        z: -0.07597160339355469
      },
      localScale: {
        x: 0.9999998807907104,
        y: 0.9999998211860657,
        z: 0.9999998211860657
      },
      localRotation: {
        x: -0.07700156420469284,
        y: -0.1062038242816925,
        z: -0.648112416267395,
        w: 0.7501611709594727
      },
      inverseBindTranslation: {
        x: 171.3485107421875,
        y: 6.285519599914551,
        z: -24.75692367553711
      },
      inverseBindScale: {
        x: 0.9999999403953552,
        y: 0.9999999403953552,
        z: 0.9999999403953552
      },
      inverseBindRotation: {
        x: 0.1315445899963379,
        y: 0.006645675282925367,
        z: 0.5274439454078674,
        w: 0.8393181562423706
      },
      nameOffset: 13296,
      currentOffset: 3264,
      name: 'L_Buffbone_Glb_Hand_Loc'
    },
    {
      flags: 0,
      id: 32,
      parent: 30,
      padding: 0,
      nameHash: 112182385,
      radius: 2.0999999046325684,
      localTranslation: {
        x: -4.216901779174805,
        y: -2.6602630615234375,
        z: 4.642978668212891
      },
      localScale: {
        x: 0.9999998807907104,
        y: 0.9999997615814209,
        z: 0.9999998211860657
      },
      localRotation: {
        x: 0.5364894270896912,
        y: 0.36880797147750854,
        z: 0.1369527131319046,
        w: 0.7465947270393372
      },
      inverseBindTranslation: {
        x: -85.84580993652344,
        y: -44.57749557495117,
        z: 140.97549438476562
      },
      inverseBindScale: { x: 0.9999999403953552, y: 1, z: 0.9999999403953552 },
      inverseBindRotation: {
        x: -0.5079148411750793,
        y: -0.527105450630188,
        z: -0.17140871286392212,
        w: 0.6593945622444153
      },
      nameOffset: 13220,
      currentOffset: 3364,
      name: 'L_Thumb1'
    },
    {
      flags: 0,
      id: 33,
      parent: 32,
      padding: 0,
      nameHash: 112182386,
      radius: 2.0999999046325684,
      localTranslation: { x: -7.23883056640625, y: 0, z: -0.0000152587890625 },
      localScale: { x: 1, y: 1, z: 1 },
      localRotation: {
        x: 3.725290298461914e-9,
        y: -9.31322685637781e-10,
        z: -7.450580596923828e-9,
        w: 0.9999999403953552
      },
      inverseBindTranslation: {
        x: -78.60696411132812,
        y: -44.57749557495117,
        z: 140.97549438476562
      },
      inverseBindScale: { x: 0.9999999403953552, y: 1, z: 0.9999999403953552 },
      inverseBindRotation: {
        x: -0.5079148411750793,
        y: -0.527105450630188,
        z: -0.17140871286392212,
        w: 0.6593945622444153
      },
      nameOffset: 13132,
      currentOffset: 3464,
      name: 'L_Thumb2'
    },
    {
      flags: 0,
      id: 34,
      parent: 30,
      padding: 0,
      nameHash: 100969361,
      radius: 2.0999999046325684,
      localTranslation: {
        x: -11.735462188720703,
        y: -1.37457275390625,
        z: 3.2481136322021484
      },
      localScale: {
        x: 0.9999998807907104,
        y: 0.9999997615814209,
        z: 0.9999998807907104
      },
      localRotation: {
        x: 0.06723751127719879,
        y: 0.012510694563388824,
        z: 0.1371457725763321,
        w: 0.9881870150566101
      },
      inverseBindTranslation: {
        x: -9.503100395202637,
        y: -168.76980590820312,
        z: 40.64222717285156
      },
      inverseBindScale: {
        x: 0.9999999403953552,
        y: 0.9999999403953552,
        z: 0.9999998807907104
      },
      inverseBindRotation: {
        x: -0.09923247992992401,
        y: -0.14596863090991974,
        z: -0.25796079635620117,
        w: 0.9498959183692932
      },
      nameOffset: 13044,
      currentOffset: 3564,
      name: 'L_Index1'
    },
    {
      flags: 0,
      id: 35,
      parent: 34,
      padding: 0,
      nameHash: 100969362,
      radius: 2.0999999046325684,
      localTranslation: { x: -6.904407501220703, y: -0.0000457763671875, z: 0 },
      localScale: { x: 0.9999998211860657, y: 1, z: 0.9999998807907104 },
      localRotation: {
        x: -0.14108432829380035,
        y: -0.021543540060520172,
        z: -0.06687245517969131,
        w: 0.9875014424324036
      },
      inverseBindTranslation: {
        x: 21.18718910217285,
        y: -172.10816955566406,
        z: -8.464533805847168
      },
      inverseBindScale: { x: 1, y: 1, z: 0.9999999403953552 },
      inverseBindRotation: {
        x: 0.03996404632925987,
        y: -0.09376075863838196,
        z: -0.2093355655670166,
        w: 0.9725176692008972
      },
      nameOffset: 12956,
      currentOffset: 3664,
      name: 'L_Index2'
    },
    {
      flags: 0,
      id: 36,
      parent: 30,
      padding: 0,
      nameHash: 66773217,
      radius: 2.0999999046325684,
      localTranslation: {
        x: -12.260967254638672,
        y: -1.03631591796875,
        z: 0.2577705383300781
      },
      localScale: {
        x: 0.9999998211860657,
        y: 0.9999998211860657,
        z: 0.9999998211860657
      },
      localRotation: {
        x: -0.006205801852047443,
        y: -0.022466348484158516,
        z: 0.15601809322834015,
        w: 0.9874791502952576
      },
      inverseBindTranslation: {
        x: -14.605358123779297,
        y: -173.11557006835938,
        z: 17.609262466430664
      },
      inverseBindScale: { x: 1, y: 0.9999999403953552, z: 0.9999999403953552 },
      inverseBindRotation: {
        x: -0.034236982464790344,
        y: -0.10140364617109299,
        z: -0.2851504683494568,
        w: 0.9524886012077332
      },
      nameOffset: 12868,
      currentOffset: 3764,
      name: 'L_Middle1'
    },
    {
      flags: 0,
      id: 37,
      parent: 36,
      padding: 0,
      nameHash: 66773218,
      radius: 2.0999999046325684,
      localTranslation: {
        x: -6.868322372436523,
        y: 0.000030517578125,
        z: 0.0000057220458984375
      },
      localScale: { x: 1.0000001192092896, y: 1, z: 1 },
      localRotation: {
        x: -0.08650174736976624,
        y: 0.05498669296503067,
        z: -0.12011555582284927,
        w: 0.987454354763031
      },
      inverseBindTranslation: {
        x: 33.69948959350586,
        y: -170.5321807861328,
        z: -11.048820495605469
      },
      inverseBindScale: {
        x: 0.9999999403953552,
        y: 0.9999999403953552,
        z: 0.9999998807907104
      },
      inverseBindRotation: {
        x: 0.07617536932229996,
        y: -0.13163426518440247,
        z: -0.17769111692905426,
        w: 0.9722632169723511
      },
      nameOffset: 12780,
      currentOffset: 3864,
      name: 'L_Middle2'
    },
    {
      flags: 0,
      id: 38,
      parent: 30,
      padding: 0,
      nameHash: 40436945,
      radius: 2.0999999046325684,
      localTranslation: {
        x: -11.668594360351562,
        y: -1.383026123046875,
        z: -2.5136775970458984
      },
      localScale: {
        x: 0.9999998211860657,
        y: 0.9999998211860657,
        z: 0.9999997615814209
      },
      localRotation: {
        x: -0.07888532429933548,
        y: -0.050432246178388596,
        z: 0.1646362841129303,
        w: 0.9819004535675049
      },
      inverseBindTranslation: {
        x: -18.45958709716797,
        y: -173.43601989746094,
        z: -5.417006015777588
      },
      inverseBindScale: { x: 1.0000001192092896, y: 1, z: 1 },
      inverseBindRotation: {
        x: 0.032329011708498,
        y: -0.06341886520385742,
        z: -0.30177175998687744,
        w: 0.9507192373275757
      },
      nameOffset: 12692,
      currentOffset: 3964,
      name: 'L_Ring1'
    },
    {
      flags: 0,
      id: 39,
      parent: 38,
      padding: 0,
      nameHash: 40436946,
      radius: 2.0999999046325684,
      localTranslation: {
        x: -6.347869873046875,
        y: -0.000030517578125,
        z: 0.000010013580322265625
      },
      localScale: { x: 1, y: 0.9999999403953552, z: 1 },
      localRotation: {
        x: -0.12044273316860199,
        y: -0.09699670970439911,
        z: -0.048569757491350174,
        w: 0.9867755770683289
      },
      inverseBindTranslation: {
        x: -0.35468700528144836,
        y: -167.793212890625,
        z: -45.84096908569336
      },
      inverseBindScale: { x: 1, y: 1, z: 0.9999999403953552 },
      inverseBindRotation: {
        x: 0.1199980303645134,
        y: 0.06738900393247604,
        z: -0.2623259723186493,
        w: 0.9551147818565369
      },
      nameOffset: 12600,
      currentOffset: 4064,
      name: 'L_Ring2'
    },
    {
      flags: 0,
      id: 40,
      parent: 30,
      padding: 0,
      nameHash: 108025313,
      radius: 2.0999999046325684,
      localTranslation: {
        x: -10.573953628540039,
        y: -1.894927978515625,
        z: -4.823211669921875
      },
      localScale: {
        x: 0.9999998211860657,
        y: 0.9999997615814209,
        z: 0.9999998807907104
      },
      localRotation: {
        x: -0.12208319455385208,
        y: -0.09407826513051987,
        z: 0.2066509872674942,
        w: 0.9661989212036133
      },
      inverseBindTranslation: {
        x: -34.60310363769531,
        y: -169.71327209472656,
        z: -17.538339614868164
      },
      inverseBindScale: {
        x: 0.9999999403953552,
        y: 0.9999998807907104,
        z: 0.9999999403953552
      },
      inverseBindRotation: {
        x: 0.0638255923986435,
        y: -0.012089150957763195,
        z: -0.34603315591812134,
        w: 0.935970664024353
      },
      nameOffset: 12508,
      currentOffset: 4164,
      name: 'L_Pinky1'
    },
    {
      flags: 0,
      id: 41,
      parent: 40,
      padding: 0,
      nameHash: 108025314,
      radius: 2.0999999046325684,
      localTranslation: {
        x: -5.72576904296875,
        y: -0.0000457763671875,
        z: -0.000003814697265625
      },
      localScale: { x: 1, y: 1.0000001192092896, z: 0.9999999403953552 },
      localRotation: {
        x: -0.15374478697776794,
        y: -0.168003112077713,
        z: -0.04711778461933136,
        w: 0.9725828170776367
      },
      inverseBindTranslation: {
        x: -26.317218780517578,
        y: -160.1075897216797,
        z: -60.14179229736328
      },
      inverseBindScale: { x: 0.9999999403953552, y: 0.9999999403953552, z: 1 },
      inverseBindRotation: {
        x: 0.1484060436487198,
        y: 0.20170384645462036,
        z: -0.3051438629627228,
        w: 0.9187920689582825
      },
      nameOffset: 12420,
      currentOffset: 4264,
      name: 'L_Pinky2'
    },
    {
      flags: 0,
      id: 42,
      parent: 29,
      padding: 0,
      nameHash: 14426260,
      radius: 2.0999999046325684,
      localTranslation: {
        x: -22.338035583496094,
        y: -0.312408447265625,
        z: -2.78176212310791
      },
      localScale: {
        x: 1.0000001192092896,
        y: 1.0000001192092896,
        z: 1.0000001192092896
      },
      localRotation: {
        x: 0.5626418590545654,
        y: 0.42798101902008057,
        z: 0.42820900678634644,
        w: 0.5629416704177856
      },
      inverseBindTranslation: {
        x: -158.96180725097656,
        y: 23.312082290649414,
        z: 62.261749267578125
      },
      inverseBindScale: {
        x: 0.9999999403953552,
        y: 0.9999999403953552,
        z: 0.9999999403953552
      },
      inverseBindRotation: {
        x: 0.5607825517654419,
        y: 0.5605677962303162,
        z: 0.43086349964141846,
        w: -0.43086349964141846
      },
      nameOffset: 12332,
      currentOffset: 4364,
      name: 'L_Tassle_Root'
    },
    {
      flags: 0,
      id: 43,
      parent: 42,
      padding: 0,
      nameHash: 176877793,
      radius: 2.0999999046325684,
      localTranslation: {
        x: -6.9358062744140625,
        y: -0.0000019073486328125,
        z: 0.00000762939453125
      },
      localScale: { x: 1, y: 1, z: 1 },
      localRotation: { x: 0, y: 0, z: 0, w: 0.9999999403953552 },
      inverseBindTranslation: {
        x: -152.02601623535156,
        y: 23.312082290649414,
        z: 62.261741638183594
      },
      inverseBindScale: {
        x: 0.9999999403953552,
        y: 0.9999999403953552,
        z: 0.9999999403953552
      },
      inverseBindRotation: {
        x: 0.5607825517654419,
        y: 0.5605677962303162,
        z: 0.43086349964141846,
        w: -0.43086349964141846
      },
      nameOffset: 12248,
      currentOffset: 4464,
      name: 'L_Tassle1'
    },
    {
      flags: 0,
      id: 44,
      parent: 43,
      padding: 0,
      nameHash: 176877794,
      radius: 2.0999999046325684,
      localTranslation: {
        x: -6.9357147216796875,
        y: -0.0000095367431640625,
        z: 0.000003814697265625
      },
      localScale: { x: 1, y: 1, z: 1 },
      localRotation: { x: 0, y: 0, z: 0, w: 0.9999999403953552 },
      inverseBindTranslation: {
        x: -145.09031677246094,
        y: 23.312091827392578,
        z: 62.26173782348633
      },
      inverseBindScale: {
        x: 0.9999999403953552,
        y: 0.9999999403953552,
        z: 0.9999999403953552
      },
      inverseBindRotation: {
        x: 0.5607825517654419,
        y: 0.5605677962303162,
        z: 0.43086349964141846,
        w: -0.43086349964141846
      },
      nameOffset: 12160,
      currentOffset: 4564,
      name: 'L_Tassle2'
    },
    {
      flags: 0,
      id: 45,
      parent: 44,
      padding: 0,
      nameHash: 176877795,
      radius: 2.0999999046325684,
      localTranslation: { x: -6.93572998046875, y: 0, z: 0 },
      localScale: { x: 1, y: 1, z: 1 },
      localRotation: { x: 0, y: 0, z: 0, w: 0.9999999403953552 },
      inverseBindTranslation: {
        x: -138.1545867919922,
        y: 23.312091827392578,
        z: 62.26173782348633
      },
      inverseBindScale: {
        x: 0.9999999403953552,
        y: 0.9999999403953552,
        z: 0.9999999403953552
      },
      inverseBindRotation: {
        x: 0.5607825517654419,
        y: 0.5605677962303162,
        z: 0.43086349964141846,
        w: -0.43086349964141846
      },
      nameOffset: 12072,
      currentOffset: 4664,
      name: 'L_Tassle3'
    },
    {
      flags: 0,
      id: 46,
      parent: 45,
      padding: 0,
      nameHash: 176877796,
      radius: 2.0999999046325684,
      localTranslation: { x: -6.935791015625, y: 0, z: 0 },
      localScale: { x: 1, y: 1, z: 1 },
      localRotation: { x: 0, y: 0, z: 0, w: 0.9999999403953552 },
      inverseBindTranslation: {
        x: -131.2187957763672,
        y: 23.312091827392578,
        z: 62.26173782348633
      },
      inverseBindScale: {
        x: 0.9999999403953552,
        y: 0.9999999403953552,
        z: 0.9999999403953552
      },
      inverseBindRotation: {
        x: 0.5607825517654419,
        y: 0.5605677962303162,
        z: 0.43086349964141846,
        w: -0.43086349964141846
      },
      nameOffset: 11984,
      currentOffset: 4764,
      name: 'L_Tassle4'
    },
    {
      flags: 0,
      id: 47,
      parent: 27,
      padding: 0,
      nameHash: 12935332,
      radius: 2.0999999046325684,
      localTranslation: {
        x: 0.1169583797454834,
        y: -0.3365936279296875,
        z: -3.7987329959869385
      },
      localScale: { x: 1, y: 0.9999999403953552, z: 1 },
      localRotation: { x: 0, y: -0.026176949962973595, z: 0, w: 0.9996572732925415 },
      inverseBindTranslation: {
        x: 2.935593843460083,
        y: -173.20809936523438,
        z: 5.954630374908447
      },
      inverseBindScale: {
        x: 0.9999998807907104,
        y: 0.9999999403953552,
        z: 0.9999998807907104
      },
      inverseBindRotation: { x: 0, y: 0.026088519021868706, z: 0, w: 0.999659538269043 },
      nameOffset: 11896,
      currentOffset: 4864,
      name: 'L_ShoulderPad'
    },
    {
      flags: 0,
      id: 48,
      parent: 2,
      padding: 0,
      nameHash: 42696069,
      radius: 2.0999999046325684,
      localTranslation: {
        x: -2.7368927001953125,
        y: 11.0823974609375,
        z: 2.530029535293579
      },
      localScale: {
        x: 0.9999999403953552,
        y: 0.9999999403953552,
        z: 0.9999999403953552
      },
      localRotation: { x: 0, y: 0, z: 0.9999999403953552, w: 0 },
      inverseBindTranslation: {
        x: -2.7368929386138916,
        y: 173.5449981689453,
        z: -2.3013710975646973
      },
      inverseBindScale: {
        x: 0.9999999403953552,
        y: 0.9999999403953552,
        z: 0.9999999403953552
      },
      inverseBindRotation: { x: 1, y: 0, z: 0, w: -0 },
      nameOffset: 11812,
      currentOffset: 4964,
      name: 'R_Clavicle'
    },
    {
      flags: 0,
      id: 49,
      parent: 48,
      padding: 0,
      nameHash: 258845778,
      radius: 2.0999999046325684,
      localTranslation: {
        x: 9.76618766784668,
        y: -2.5849761962890625,
        z: 5.843295097351074
      },
      localScale: {
        x: 0.9999998807907104,
        y: 0.9999998211860657,
        z: 0.9999999403953552
      },
      localRotation: {
        x: -0.0030402704142034054,
        y: -0.01852809451520443,
        z: 0.162288099527359,
        w: 0.9865647554397583
      },
      inverseBindTranslation: {
        x: 44.293758392333984,
        y: 170.94911193847656,
        z: -7.669463157653809
      },
      inverseBindScale: { x: 0.9999999403953552, y: 1, z: 0.9999999403953552 },
      inverseBindRotation: {
        x: 0.986652672290802,
        y: -0.16175971925258636,
        z: -0.01847015507519245,
        w: -0.0030307697597891092
      },
      nameOffset: 11724,
      currentOffset: 5064,
      name: 'R_Shoulder'
    },
    {
      flags: 0,
      id: 50,
      parent: 49,
      padding: 0,
      nameHash: 140257559,
      radius: 2.0999999046325684,
      localTranslation: {
        x: 34.04141616821289,
        y: -0.000518798828125,
        z: -0.00029075145721435547
      },
      localScale: {
        x: 0.9999977946281433,
        y: 1.0000022649765015,
        z: 0.9999999403953552
      },
      localRotation: {
        x: 0.04364672303199768,
        y: 0.14202725887298584,
        z: -0.027613874524831772,
        w: 0.9885143637657166
      },
      inverseBindTranslation: {
        x: 4.782379150390625,
        y: 170.12240600585938,
        z: -20.568613052368164
      },
      inverseBindScale: { x: 0.9999999403953552, y: 1, z: 0.9999999403953552 },
      inverseBindRotation: {
        x: 0.982593834400177,
        y: -0.13312463462352753,
        z: 0.128383606672287,
        w: 0.0174598079174757
      },
      nameOffset: 11636,
      currentOffset: 5164,
      name: 'R_Elbow'
    },
    {
      flags: 0,
      id: 51,
      parent: 50,
      padding: 0,
      nameHash: 126216260,
      radius: 2.0999999046325684,
      localTranslation: {
        x: 31.118350982666016,
        y: 0.0000152587890625,
        z: -0.00461578369140625
      },
      localScale: { x: 1, y: 1.0000001192092896, z: 1.0000001192092896 },
      localRotation: {
        x: -0.0000080205491030938,
        y: -0.0000013411046211331268,
        z: -0.000005454290203488199,
        w: 0.9999999403953552
      },
      inverseBindTranslation: {
        x: -26.337799072265625,
        y: 170.12269592285156,
        z: -20.56349754333496
      },
      inverseBindScale: {
        x: 0.9999999403953552,
        y: 0.9999998807907104,
        z: 0.9999998807907104
      },
      inverseBindRotation: {
        x: 0.9825945496559143,
        y: -0.13312123715877533,
        z: 0.12838226556777954,
        w: 0.017451684921979904
      },
      nameOffset: 11544,
      currentOffset: 5264,
      name: 'R_Hand'
    },
    {
      flags: 0,
      id: 52,
      parent: 51,
      padding: 0,
      nameHash: 112182481,
      radius: 2.0999999046325684,
      localTranslation: {
        x: 4.2167205810546875,
        y: 2.659912109375,
        z: -4.643013000488281
      },
      localScale: {
        x: 0.9999998807907104,
        y: 0.9999997615814209,
        z: 0.9999998211860657
      },
      localRotation: {
        x: 0.5364894270896912,
        y: 0.36880797147750854,
        z: 0.1369527131319046,
        w: 0.7465947270393372
      },
      inverseBindTranslation: {
        x: 85.84603118896484,
        y: 44.577632904052734,
        z: -140.97561645507812
      },
      inverseBindScale: { x: 0.9999999403953552, y: 1, z: 0.9999999403953552 },
      inverseBindRotation: {
        x: 0.6579847931861877,
        y: -0.17153199017047882,
        z: 0.5274844765663147,
        w: 0.5093063116073608
      },
      nameOffset: 11452,
      currentOffset: 5364,
      name: 'R_Thumb1'
    },
    {
      flags: 0,
      id: 53,
      parent: 52,
      padding: 0,
      nameHash: 112182482,
      radius: 2.0999999046325684,
      localTranslation: {
        x: 7.239311218261719,
        y: 0.000278472900390625,
        z: -0.0002288818359375
      },
      localScale: { x: 1, y: 1, z: 1 },
      localRotation: {
        x: 3.725290298461914e-9,
        y: -9.31322685637781e-10,
        z: -7.450580596923828e-9,
        w: 0.9999999403953552
      },
      inverseBindTranslation: {
        x: 78.60670471191406,
        y: 44.57735061645508,
        z: -140.97540283203125
      },
      inverseBindScale: { x: 0.9999999403953552, y: 1, z: 0.9999999403953552 },
      inverseBindRotation: {
        x: 0.6579847931861877,
        y: -0.17153199017047882,
        z: 0.5274844765663147,
        w: 0.5093063116073608
      },
      nameOffset: 11364,
      currentOffset: 5464,
      name: 'R_Thumb2'
    },
    {
      flags: 0,
      id: 54,
      parent: 51,
      padding: 0,
      nameHash: 100969265,
      radius: 2.0999999046325684,
      localTranslation: {
        x: 11.735279083251953,
        y: 1.3742523193359375,
        z: -3.248128890991211
      },
      localScale: {
        x: 0.9999998807907104,
        y: 0.9999998211860657,
        z: 0.9999998807907104
      },
      localRotation: {
        x: 0.06723751127719879,
        y: 0.012510698288679123,
        z: 0.1371457725763321,
        w: 0.9881870150566101
      },
      inverseBindTranslation: {
        x: 9.503254890441895,
        y: 168.76998901367188,
        z: -40.64225769042969
      },
      inverseBindScale: {
        x: 0.9999999403953552,
        y: 0.9999999403953552,
        z: 0.9999998807907104
      },
      inverseBindRotation: {
        x: 0.9498959183692932,
        y: -0.25796079635620117,
        z: 0.14596863090991974,
        w: 0.09923247247934341
      },
      nameOffset: 11276,
      currentOffset: 5564,
      name: 'R_Index1'
    },
    {
      flags: 0,
      id: 55,
      parent: 54,
      padding: 0,
      nameHash: 100969266,
      radius: 2.0999999046325684,
      localTranslation: {
        x: 6.904470443725586,
        y: 0.000152587890625,
        z: -0.00003814697265625
      },
      localScale: {
        x: 0.9999998807907104,
        y: 0.9999998807907104,
        z: 0.9999998807907104
      },
      localRotation: {
        x: -0.14108431339263916,
        y: -0.02154354192316532,
        z: -0.06687245517969131,
        w: 0.9875015020370483
      },
      inverseBindTranslation: {
        x: -21.187070846557617,
        y: 172.10829162597656,
        z: 8.464563369750977
      },
      inverseBindScale: { x: 1, y: 1, z: 0.9999999403953552 },
      inverseBindRotation: {
        x: 0.9725176692008972,
        y: -0.2093355655670166,
        z: 0.09376075863838196,
        w: -0.03996404632925987
      },
      nameOffset: 11188,
      currentOffset: 5664,
      name: 'R_Index2'
    },
    {
      flags: 0,
      id: 56,
      parent: 51,
      padding: 0,
      nameHash: 66775777,
      radius: 2.0999999046325684,
      localTranslation: {
        x: 12.260993957519531,
        y: 1.036712646484375,
        z: -0.25778961181640625
      },
      localScale: {
        x: 0.9999998211860657,
        y: 0.9999998211860657,
        z: 0.9999998211860657
      },
      localRotation: {
        x: -0.006205801852047443,
        y: -0.022466348484158516,
        z: 0.15601809322834015,
        w: 0.9874791502952576
      },
      inverseBindTranslation: {
        x: 14.605124473571777,
        y: 173.11517333984375,
        z: -17.609262466430664
      },
      inverseBindScale: { x: 1, y: 0.9999999403953552, z: 0.9999999403953552 },
      inverseBindRotation: {
        x: 0.9524886012077332,
        y: -0.2851504683494568,
        z: 0.10140364617109299,
        w: 0.034236982464790344
      },
      nameOffset: 11100,
      currentOffset: 5764,
      name: 'R_Middle1'
    },
    {
      flags: 0,
      id: 57,
      parent: 56,
      padding: 0,
      nameHash: 66775778,
      radius: 2.0999999046325684,
      localTranslation: {
        x: 6.867926597595215,
        y: -0.0006256103515625,
        z: -0.0000095367431640625
      },
      localScale: { x: 1.0000001192092896, y: 1, z: 1 },
      localRotation: {
        x: -0.08650174736976624,
        y: 0.05498669296503067,
        z: -0.12011555582284927,
        w: 0.987454354763031
      },
      inverseBindTranslation: {
        x: -33.69938659667969,
        y: 170.5323944091797,
        z: 11.048879623413086
      },
      inverseBindScale: {
        x: 0.9999999403953552,
        y: 0.9999999403953552,
        z: 0.9999998807907104
      },
      inverseBindRotation: {
        x: 0.9722630977630615,
        y: -0.17769108712673187,
        z: 0.13163425028324127,
        w: -0.07617536187171936
      },
      nameOffset: 11012,
      currentOffset: 5864,
      name: 'R_Middle2'
    },
    {
      flags: 0,
      id: 58,
      parent: 51,
      padding: 0,
      nameHash: 141100241,
      radius: 2.0999999046325684,
      localTranslation: {
        x: 11.668647766113281,
        y: 1.3834228515625,
        z: 2.5136547088623047
      },
      localScale: {
        x: 0.9999998211860657,
        y: 0.9999998211860657,
        z: 0.9999997615814209
      },
      localRotation: {
        x: -0.07888532429933548,
        y: -0.050432246178388596,
        z: 0.1646362841129303,
        w: 0.9819004535675049
      },
      inverseBindTranslation: {
        x: 18.459320068359375,
        y: 173.4356231689453,
        z: 5.416958808898926
      },
      inverseBindScale: { x: 1.0000001192092896, y: 1, z: 1 },
      inverseBindRotation: {
        x: 0.9507192373275757,
        y: -0.30177175998687744,
        z: 0.06341886520385742,
        w: -0.032329011708498
      },
      nameOffset: 10924,
      currentOffset: 5964,
      name: 'R_Ring1'
    },
    {
      flags: 0,
      id: 59,
      parent: 58,
      padding: 0,
      nameHash: 141100242,
      radius: 2.0999999046325684,
      localTranslation: {
        x: 6.347564697265625,
        y: -0.00048828125,
        z: -0.0000591278076171875
      },
      localScale: { x: 1, y: 0.9999999403953552, z: 1 },
      localRotation: {
        x: -0.12044273316860199,
        y: -0.09699670970439911,
        z: -0.048569757491350174,
        w: 0.9867755770683289
      },
      inverseBindTranslation: {
        x: 0.35471275448799133,
        y: 167.79331970214844,
        z: 45.84098815917969
      },
      inverseBindScale: { x: 1, y: 1, z: 0.9999999403953552 },
      inverseBindRotation: {
        x: 0.9551147818565369,
        y: -0.2623259723186493,
        z: -0.06738900393247604,
        w: -0.1199980303645134
      },
      nameOffset: 10832,
      currentOffset: 6064,
      name: 'R_Ring2'
    },
    {
      flags: 0,
      id: 60,
      parent: 51,
      padding: 0,
      nameHash: 108025153,
      radius: 2.0999999046325684,
      localTranslation: {
        x: 10.573959350585938,
        y: 1.89520263671875,
        z: 4.823179244995117
      },
      localScale: {
        x: 0.9999998211860657,
        y: 0.9999997615814209,
        z: 0.9999998807907104
      },
      localRotation: {
        x: -0.12208319455385208,
        y: -0.09407826513051987,
        z: 0.2066509872674942,
        w: 0.9661989212036133
      },
      inverseBindTranslation: {
        x: 34.60287094116211,
        y: 169.71298217773438,
        z: 17.538297653198242
      },
      inverseBindScale: {
        x: 0.9999999403953552,
        y: 0.9999998807907104,
        z: 0.9999999403953552
      },
      inverseBindRotation: {
        x: 0.935970664024353,
        y: -0.34603315591812134,
        z: 0.012089150957763195,
        w: -0.0638255923986435
      },
      nameOffset: 10740,
      currentOffset: 6164,
      name: 'R_Pinky1'
    },
    {
      flags: 0,
      id: 61,
      parent: 60,
      padding: 0,
      nameHash: 108025154,
      radius: 2.0999999046325684,
      localTranslation: {
        x: 5.725730895996094,
        y: -0.0001373291015625,
        z: 0.0000057220458984375
      },
      localScale: { x: 1, y: 1.0000001192092896, z: 0.9999999403953552 },
      localRotation: {
        x: -0.15374478697776794,
        y: -0.168003112077713,
        z: -0.04711778461933136,
        w: 0.9725828170776367
      },
      inverseBindTranslation: {
        x: 26.317049026489258,
        y: 160.10751342773438,
        z: 60.14177322387695
      },
      inverseBindScale: { x: 0.9999999403953552, y: 0.9999999403953552, z: 1 },
      inverseBindRotation: {
        x: 0.9187919497489929,
        y: -0.3051438331604004,
        z: -0.20170381665229797,
        w: -0.1484060287475586
      },
      nameOffset: 10652,
      currentOffset: 6264,
      name: 'R_Pinky2'
    },
    {
      flags: 0,
      id: 62,
      parent: 51,
      padding: 0,
      nameHash: 255540115,
      radius: 2.0999999046325684,
      localTranslation: {
        x: 4.884130477905273,
        y: 0.9725189208984375,
        z: 0.07595252990722656
      },
      localScale: {
        x: 0.9999998807907104,
        y: 0.9999998211860657,
        z: 0.9999997615814209
      },
      localRotation: {
        x: -0.07700157165527344,
        y: -0.10620381683111191,
        z: -0.6481125354766846,
        w: 0.7501611113548279
      },
      inverseBindTranslation: {
        x: -171.3480987548828,
        y: -6.285742282867432,
        z: 24.756816864013672
      },
      inverseBindScale: {
        x: 0.9999999403953552,
        y: 0.9999999403953552,
        z: 0.9999999403953552
      },
      inverseBindRotation: {
        x: 0.8393181562423706,
        y: 0.5274439454078674,
        z: -0.006645661778748035,
        w: -0.1315445899963379
      },
      nameOffset: 10564,
      currentOffset: 6364,
      name: 'R_Buffbone_Glb_Hand_Loc'
    },
    {
      flags: 0,
      id: 63,
      parent: 50,
      padding: 0,
      nameHash: 182198420,
      radius: 2.0999999046325684,
      localTranslation: {
        x: 22.337976455688477,
        y: 0.3123321533203125,
        z: 2.777069091796875
      },
      localScale: { x: 1.0000001192092896, y: 1, z: 0.9999999403953552 },
      localRotation: {
        x: 0.5626359581947327,
        y: 0.42797166109085083,
        z: 0.42819923162460327,
        w: 0.5629522800445557
      },
      inverseBindTranslation: {
        x: 158.9619903564453,
        y: -23.312070846557617,
        z: -62.261714935302734
      },
      inverseBindScale: {
        x: 0.9999999403953552,
        y: 0.9999999403953552,
        z: 0.9999999403953552
      },
      inverseBindRotation: {
        x: 0.43086349964141846,
        y: -0.43086349964141846,
        z: 0.5605677962303162,
        w: 0.5607825517654419
      },
      nameOffset: 10488,
      currentOffset: 6464,
      name: 'R_Tassle_Root'
    },
    {
      flags: 0,
      id: 64,
      parent: 63,
      padding: 0,
      nameHash: 176880353,
      radius: 2.0999999046325684,
      localTranslation: { x: 6.9359893798828125, y: 0.0000019073486328125, z: 0 },
      localScale: { x: 1, y: 1, z: 1 },
      localRotation: { x: 0, y: 0, z: 0, w: 0.9999999403953552 },
      inverseBindTranslation: {
        x: 152.02601623535156,
        y: -23.312070846557617,
        z: -62.261714935302734
      },
      inverseBindScale: {
        x: 0.9999999403953552,
        y: 0.9999999403953552,
        z: 0.9999999403953552
      },
      inverseBindRotation: {
        x: 0.43086349964141846,
        y: -0.43086349964141846,
        z: 0.5605677962303162,
        w: 0.5607825517654419
      },
      nameOffset: 10404,
      currentOffset: 6564,
      name: 'R_Tassle1'
    },
    {
      flags: 0,
      id: 65,
      parent: 64,
      padding: 0,
      nameHash: 176880354,
      radius: 2.0999999046325684,
      localTranslation: { x: 6.936004638671875, y: 0.0000019073486328125, z: 0 },
      localScale: { x: 1, y: 1, z: 1 },
      localRotation: { x: 0, y: 0, z: 0, w: 0.9999999403953552 },
      inverseBindTranslation: {
        x: 145.0900115966797,
        y: -23.312070846557617,
        z: -62.261714935302734
      },
      inverseBindScale: {
        x: 0.9999999403953552,
        y: 0.9999999403953552,
        z: 0.9999999403953552
      },
      inverseBindRotation: {
        x: 0.43086349964141846,
        y: -0.43086349964141846,
        z: 0.5605677962303162,
        w: 0.5607825517654419
      },
      nameOffset: 10316,
      currentOffset: 6664,
      name: 'R_Tassle2'
    },
    {
      flags: 0,
      id: 66,
      parent: 65,
      padding: 0,
      nameHash: 176880355,
      radius: 2.0999999046325684,
      localTranslation: {
        x: 6.9350128173828125,
        y: 0.000011444091796875,
        z: -0.000011444091796875
      },
      localScale: { x: 1, y: 1, z: 1 },
      localRotation: { x: 0, y: 0, z: 0, w: 0.9999999403953552 },
      inverseBindTranslation: {
        x: 138.15499877929688,
        y: -23.31208038330078,
        z: -62.26170349121094
      },
      inverseBindScale: {
        x: 0.9999999403953552,
        y: 0.9999999403953552,
        z: 0.9999999403953552
      },
      inverseBindRotation: {
        x: 0.43086349964141846,
        y: -0.43086349964141846,
        z: 0.5605677962303162,
        w: 0.5607825517654419
      },
      nameOffset: 10228,
      currentOffset: 6764,
      name: 'R_Tassle3'
    },
    {
      flags: 0,
      id: 67,
      parent: 66,
      padding: 0,
      nameHash: 176880356,
      radius: 2.0999999046325684,
      localTranslation: { x: 6.936004638671875, y: 0, z: 0 },
      localScale: { x: 1, y: 1, z: 1 },
      localRotation: { x: 0, y: 0, z: 0, w: 0.9999999403953552 },
      inverseBindTranslation: {
        x: 131.218994140625,
        y: -23.31208038330078,
        z: -62.26170349121094
      },
      inverseBindScale: {
        x: 0.9999999403953552,
        y: 0.9999999403953552,
        z: 0.9999999403953552
      },
      inverseBindRotation: {
        x: 0.43086349964141846,
        y: -0.43086349964141846,
        z: 0.5605677962303162,
        w: 0.5607825517654419
      },
      nameOffset: 10140,
      currentOffset: 6864,
      name: 'R_Tassle4'
    },
    {
      flags: 0,
      id: 68,
      parent: 48,
      padding: 0,
      nameHash: 180707492,
      radius: 2.0999999046325684,
      localTranslation: {
        x: -0.11692333221435547,
        y: 0.337005615234375,
        z: 3.7980873584747314
      },
      localScale: { x: 1, y: 0.9999999403953552, z: 1 },
      localRotation: { x: -0, y: -0.026176949962973595, z: 0, w: 0.9996572732925415 },
      inverseBindTranslation: {
        x: -2.9355998039245605,
        y: 173.20799255371094,
        z: -5.953980445861816
      },
      inverseBindScale: {
        x: 0.9999998807907104,
        y: 0.9999999403953552,
        z: 0.9999998807907104
      },
      inverseBindRotation: { x: 0.999659538269043, y: 0, z: -0.026088519021868706, w: 0 },
      nameOffset: 10052,
      currentOffset: 6964,
      name: 'R_ShoulderPad'
    },
    {
      flags: 0,
      id: 69,
      parent: 1,
      padding: 0,
      nameHash: 78637603,
      radius: 2.0999999046325684,
      localTranslation: { x: 0, y: 11.4794921875, z: 1.03636634349823 },
      localScale: {
        x: 0.9999999403953552,
        y: 0.9999999403953552,
        z: 0.9999999403953552
      },
      localRotation: { x: 0, y: -0, z: 0, w: 0.9999999403953552 },
      inverseBindTranslation: { x: 0, y: -161.37269592285156, z: 0.1830785870552063 },
      inverseBindScale: {
        x: 0.9999999403953552,
        y: 0.9999999403953552,
        z: 0.9999999403953552
      },
      inverseBindRotation: { x: 0, y: 1, z: 0, w: 0 },
      nameOffset: 9968,
      currentOffset: 7064,
      name: 'C_Buffbone_Glb_Chest_Loc'
    },
    {
      flags: 0,
      id: 70,
      parent: 0,
      padding: 0,
      nameHash: 124534019,
      radius: 2.0999999046325684,
      localTranslation: { x: 0, y: -2.7928009033203125, z: 0.09467341005802155 },
      localScale: {
        x: 0.9999999403953552,
        y: 0.9999999403953552,
        z: 0.9999999403953552
      },
      localRotation: { x: 0, y: -0, z: 0, w: 0.9999999403953552 },
      inverseBindTranslation: { x: 0, y: -137.92929077148438, z: -0.09467341750860214 },
      inverseBindScale: {
        x: 0.9999999403953552,
        y: 0.9999999403953552,
        z: 0.9999999403953552
      },
      inverseBindRotation: { x: 0, y: 1, z: 0, w: 0 },
      nameOffset: 9896,
      currentOffset: 7164,
      name: 'Pelvis'
    },
    {
      flags: 0,
      id: 71,
      parent: 70,
      padding: 0,
      nameHash: 7495424,
      radius: 2.0999999046325684,
      localTranslation: {
        x: 14.583479881286621,
        y: -9.362945556640625,
        z: 3.3949217796325684
      },
      localScale: {
        x: 0.9999999403953552,
        y: 0.9999999403953552,
        z: 0.9999999403953552
      },
      localRotation: {
        x: -0.49756357073783875,
        y: -0.5024245381355286,
        z: 0.49756357073783875,
        w: 0.5024245977401733
      },
      inverseBindTranslation: {
        x: -128.5941925048828,
        y: 2.2395310401916504,
        z: 14.583480834960938
      },
      inverseBindScale: {
        x: 0.9999999403953552,
        y: 0.9999999403953552,
        z: 0.9999999403953552
      },
      inverseBindRotation: {
        x: -0.49719175696372986,
        y: -0.5020491480827332,
        z: -0.49719175696372986,
        w: 0.5035350322723389
      },
      nameOffset: 9804,
      currentOffset: 7264,
      name: 'L_Hip'
    },
    {
      flags: 0,
      id: 72,
      parent: 71,
      padding: 0,
      nameHash: 197006466,
      radius: 2.0999999046325684,
      localTranslation: {
        x: -51.07158660888672,
        y: -0.0000012516975402832031,
        z: 0.00004482269287109375
      },
      localScale: {
        x: 0.9999999403953552,
        y: 0.9999998807907104,
        z: 0.9999999403953552
      },
      localRotation: {
        x: 0.00024573729024268687,
        y: -0.0038333996199071407,
        z: 0.06397707760334015,
        w: 0.9979439973831177
      },
      inverseBindTranslation: {
        x: -76.48770904541016,
        y: 12.12028980255127,
        z: 15.171499252319336
      },
      inverseBindScale: {
        x: 0.9999999403953552,
        y: 0.9999998807907104,
        z: 0.9999999403953552
      },
      inverseBindRotation: {
        x: 0.530788779258728,
        y: 0.467729777097702,
        z: 0.526624858379364,
        w: -0.4713370203971863
      },
      nameOffset: 9712,
      currentOffset: 7364,
      name: 'L_KneeUpper'
    },
    {
      flags: 0,
      id: 73,
      parent: 72,
      padding: 0,
      nameHash: 198250370,
      radius: 2.0999999046325684,
      localTranslation: { x: 0, y: -0.00000286102294921875, z: -0.0000057220458984375 },
      localScale: {
        x: 0.9999998807907104,
        y: 0.9999999403953552,
        z: 0.9999999403953552
      },
      localRotation: {
        x: -0.00005208560833125375,
        y: 0.000017195356122101657,
        z: -0.006798870395869017,
        w: 0.9999768733978271
      },
      inverseBindTranslation: {
        x: -76.64595794677734,
        y: 11.077549934387207,
        z: 15.170080184936523
      },
      inverseBindScale: { x: 1, y: 1, z: 1 },
      inverseBindRotation: {
        x: 0.5276135802268982,
        y: 0.4712904095649719,
        z: 0.523422360420227,
        w: -0.4749087691307068
      },
      nameOffset: 9624,
      currentOffset: 7464,
      name: 'L_KneeLower'
    },
    {
      flags: 0,
      id: 74,
      parent: 73,
      padding: 0,
      nameHash: 119920228,
      radius: 2.0999999046325684,
      localTranslation: {
        x: -66.74105072021484,
        y: 0.0000025033950805664062,
        z: 0.0000057220458984375
      },
      localScale: { x: 1.0000001192092896, y: 1.0000001192092896, z: 1 },
      localRotation: {
        x: -0.001360194873996079,
        y: -0.0037748904433101416,
        z: -0.11878585070371628,
        w: 0.9929117560386658
      },
      inverseBindTranslation: {
        x: -12.119431495666504,
        y: 8.400978088378906,
        z: 15.28049087524414
      },
      inverseBindScale: { x: 0.9999999403953552, y: 0.9999999403953552, z: 1 },
      inverseBindRotation: {
        x: -0.46908578276634216,
        y: -0.5281384587287903,
        z: -0.46198543906211853,
        w: 0.5362813472747803
      },
      nameOffset: 9536,
      currentOffset: 7564,
      name: 'L_Foot'
    },
    {
      flags: 0,
      id: 75,
      parent: 74,
      padding: 0,
      nameHash: 219233187,
      radius: 2.0999999046325684,
      localTranslation: {
        x: -4.307419776916504,
        y: -0.0000013709068298339844,
        z: -0.000003814697265625
      },
      localScale: { x: 1.0000001192092896, y: 1, z: 1 },
      localRotation: {
        x: -0.000463338743429631,
        y: 0.005060942377895117,
        z: -0.654055655002594,
        w: 0.7564293146133423
      },
      inverseBindTranslation: {
        x: -9.548318862915039,
        y: -6.628486633300781,
        z: 15.165431022644043
      },
      inverseBindScale: { x: 1, y: 1, z: 1 },
      inverseBindRotation: {
        x: -0.006809997372329235,
        y: -0.7086132168769836,
        z: -0.0013367509236559272,
        w: 0.7055630683898926
      },
      nameOffset: 9444,
      currentOffset: 7664,
      name: 'L_Buffbone_Glb_Foot_Loc'
    },
    {
      flags: 0,
      id: 76,
      parent: 74,
      padding: 0,
      nameHash: 7498581,
      radius: 2.0999999046325684,
      localTranslation: {
        x: -10.249687194824219,
        y: 12.130719184875488,
        z: 0.1620950698852539
      },
      localScale: { x: 1, y: 1.0000001192092896, z: 1 },
      localRotation: {
        x: 0.00815509632229805,
        y: 0.015027853660285473,
        z: -0.6540046334266663,
        w: 0.75629723072052
      },
      inverseBindTranslation: {
        x: 2.9143481254577637,
        y: -2.4994351863861084,
        z: 15.206321716308594
      },
      inverseBindScale: { x: 0.9999999403953552, y: 0.9999999403953552, z: 1 },
      inverseBindRotation: {
        x: -0.00679051224142313,
        y: -0.7176835536956787,
        z: -0.0014262777986004949,
        w: 0.6963348984718323
      },
      nameOffset: 9368,
      currentOffset: 7764,
      name: 'L_Toe'
    },
    {
      flags: 0,
      id: 77,
      parent: 70,
      padding: 0,
      nameHash: 7888640,
      radius: 2.0999999046325684,
      localTranslation: {
        x: -14.583438873291016,
        y: -9.363265991210938,
        z: 3.394926071166992
      },
      localScale: {
        x: 0.9999998807907104,
        y: 0.9999998807907104,
        z: 0.9999999403953552
      },
      localRotation: {
        x: 0.5024255514144897,
        y: -0.4975626468658447,
        z: -0.502425491809845,
        w: 0.4975626468658447
      },
      inverseBindTranslation: {
        x: 128.59388732910156,
        y: -2.2390429973602295,
        z: -14.583440780639648
      },
      inverseBindScale: {
        x: 0.9999999403953552,
        y: 0.9999999403953552,
        z: 0.9999999403953552
      },
      inverseBindRotation: {
        x: 0.5035358667373657,
        y: -0.49719083309173584,
        z: 0.5020501017570496,
        w: 0.49719083309173584
      },
      nameOffset: 9276,
      currentOffset: 7864,
      name: 'R_Hip'
    },
    {
      flags: 0,
      id: 78,
      parent: 77,
      padding: 0,
      nameHash: 196351106,
      radius: 2.0999999046325684,
      localTranslation: {
        x: 51.07123565673828,
        y: -0.0000034570693969726562,
        z: -0.00002765655517578125
      },
      localScale: { x: 1.0000001192092896, y: 1, z: 1 },
      localRotation: {
        x: 0.00024573737755417824,
        y: -0.0038332853000611067,
        z: 0.06397708505392075,
        w: 0.9979439377784729
      },
      inverseBindTranslation: {
        x: 76.4878158569336,
        y: -12.1198091506958,
        z: -15.171459197998047
      },
      inverseBindScale: {
        x: 0.9999999403953552,
        y: 0.9999999403953552,
        z: 0.9999999403953552
      },
      inverseBindRotation: {
        x: 0.4713380038738251,
        y: -0.5266239643096924,
        z: 0.4677308201789856,
        w: 0.5307877063751221
      },
      nameOffset: 9184,
      currentOffset: 7964,
      name: 'R_KneeUpper'
    },
    {
      flags: 0,
      id: 79,
      parent: 78,
      padding: 0,
      nameHash: 198905730,
      radius: 2.0999999046325684,
      localTranslation: { x: 0, y: 0.0000019073486328125, z: 0.00000762939453125 },
      localScale: {
        x: 0.9999998807907104,
        y: 0.9999998807907104,
        z: 0.9999999403953552
      },
      localRotation: {
        x: -0.00005207241338212043,
        y: 0.0000169521190400701,
        z: -0.00679522892460227,
        w: 0.9999768733978271
      },
      inverseBindTranslation: {
        x: 76.64596557617188,
        y: -11.077631950378418,
        z: -15.17008113861084
      },
      inverseBindScale: { x: 1, y: 1, z: 1 },
      inverseBindRotation: {
        x: 0.47490793466567993,
        y: -0.5234230160713196,
        z: 0.4712894558906555,
        w: 0.5276144742965698
      },
      nameOffset: 9096,
      currentOffset: 8064,
      name: 'R_KneeLower'
    },
    {
      flags: 0,
      id: 80,
      parent: 79,
      padding: 0,
      nameHash: 126211684,
      radius: 2.0999999046325684,
      localTranslation: {
        x: 66.74112701416016,
        y: 7.152557373046875e-7,
        z: -0.000003814697265625
      },
      localScale: { x: 1.0000001192092896, y: 1.0000001192092896, z: 1 },
      localRotation: {
        x: -0.001360202208161354,
        y: -0.0037747949827462435,
        z: -0.11878664791584015,
        w: 0.992911696434021
      },
      inverseBindTranslation: {
        x: 12.11939811706543,
        y: -8.401052474975586,
        z: -15.28049087524414
      },
      inverseBindScale: {
        x: 0.9999999403953552,
        y: 0.9999999403953552,
        z: 0.9999999403953552
      },
      inverseBindRotation: {
        x: 0.5362809896469116,
        y: -0.46198591589927673,
        z: 0.5281380414962769,
        w: 0.46908634901046753
      },
      nameOffset: 9008,
      currentOffset: 8164,
      name: 'R_Foot'
    },
    {
      flags: 0,
      id: 81,
      parent: 80,
      padding: 0,
      nameHash: 219888547,
      radius: 2.0999999046325684,
      localTranslation: {
        x: 4.3073649406433105,
        y: -0.0000045299530029296875,
        z: 0.00000476837158203125
      },
      localScale: {
        x: 0.9999999403953552,
        y: 0.9999998807907104,
        z: 0.9999999403953552
      },
      localRotation: {
        x: -0.0004633188364095986,
        y: 0.005060942377895117,
        z: -0.654055655002594,
        w: 0.7564293742179871
      },
      inverseBindTranslation: {
        x: 9.54839038848877,
        y: 6.628498077392578,
        z: -15.165430068969727
      },
      inverseBindScale: {
        x: 0.9999999403953552,
        y: 0.9999999403953552,
        z: 0.9999999403953552
      },
      inverseBindRotation: {
        x: 0.7051600217819214,
        y: -0.0013373742112889886,
        z: 0.7090144157409668,
        w: 0.006810714490711689
      },
      nameOffset: 8916,
      currentOffset: 8264,
      name: 'R_Buffbone_Glb_Foot_Loc'
    },
    {
      flags: 0,
      id: 82,
      parent: 80,
      padding: 0,
      nameHash: 7891797,
      radius: 2.0999999046325684,
      localTranslation: {
        x: 10.249635696411133,
        y: -12.13071346282959,
        z: -0.16214275360107422
      },
      localScale: {
        x: 0.9999999403953552,
        y: 0.9999998807907104,
        z: 0.9999999403953552
      },
      localRotation: {
        x: 0.0081550981849432,
        y: 0.015027827583253384,
        z: -0.6540046334266663,
        w: 0.75629723072052
      },
      inverseBindTranslation: {
        x: -2.914269208908081,
        y: 2.499441146850586,
        z: -15.206271171569824
      },
      inverseBindScale: { x: 0.9999999403953552, y: 0.9999999403953552, z: 1 },
      inverseBindRotation: {
        x: 0.6956304311752319,
        y: -0.0014269975945353508,
        z: 0.7183665633201599,
        w: 0.006791495252400637
      },
      nameOffset: 8840,
      currentOffset: 8364,
      name: 'R_Toe'
    },
    {
      flags: 0,
      id: 83,
      parent: 70,
      padding: 0,
      nameHash: 7321490,
      radius: 2.0999999046325684,
      localTranslation: {
        x: 18.072416305541992,
        y: -5.022918701171875,
        z: 3.3949601650238037
      },
      localScale: { x: 0.9999999403953552, y: 1, z: 0.9999998807907104 },
      localRotation: {
        x: -0.49465346336364746,
        y: -0.5051268339157104,
        z: 0.5104510188102722,
        w: 0.4894951581954956
      },
      inverseBindTranslation: {
        x: -132.2288818359375,
        y: 4.882911682128906,
        z: 22.238920211791992
      },
      inverseBindScale: { x: 1, y: 0.9999999403953552, z: 0.9999999403953552 },
      inverseBindRotation: {
        x: -0.5101232528686523,
        y: -0.48917990922927856,
        z: -0.4943358898162842,
        w: 0.5060724020004272
      },
      nameOffset: 8748,
      currentOffset: 8464,
      name: 'L_HipArmor'
    },
    {
      flags: 0,
      id: 84,
      parent: 70,
      padding: 0,
      nameHash: 7280530,
      radius: 2.0999999046325684,
      localTranslation: {
        x: -18.07239532470703,
        y: -5.02325439453125,
        z: 3.394967555999756
      },
      localScale: {
        x: 0.9999998807907104,
        y: 0.9999999403953552,
        z: 0.9999998807907104
      },
      localRotation: {
        x: -0.48949673771858215,
        y: 0.5104495286941528,
        z: 0.5051282048225403,
        w: -0.4946522116661072
      },
      inverseBindTranslation: {
        x: 132.22860717773438,
        y: -4.882175922393799,
        z: -22.238861083984375
      },
      inverseBindScale: { x: 1, y: 0.9999999403953552, z: 0.9999999403953552 },
      inverseBindRotation: {
        x: 0.504895031452179,
        y: -0.4944237768650055,
        z: 0.4892696142196655,
        w: 0.5111178159713745
      },
      nameOffset: 8660,
      currentOffset: 8564,
      name: 'R_HipArmor'
    },
    {
      flags: 0,
      id: 85,
      parent: -1,
      padding: 0,
      nameHash: 247662116,
      radius: 2.0999999046325684,
      localTranslation: { x: 0, y: 0, z: 0 },
      localScale: { x: 1, y: 1, z: 1 },
      localRotation: { x: 0, y: 0.9999999403953552, z: 0, w: 0 },
      inverseBindTranslation: { x: 0, y: 0, z: 0 },
      inverseBindScale: {
        x: 0.9999999403953552,
        y: 0.9999999403953552,
        z: 0.9999999403953552
      },
      inverseBindRotation: { x: 0, y: 1, z: 0, w: 0 },
      nameOffset: 8572,
      currentOffset: 8664,
      name: 'Sword_Ground_Root'
    },
    {
      flags: 0,
      id: 86,
      parent: 85,
      padding: 0,
      nameHash: 16701056,
      radius: 2.0999999046325684,
      localTranslation: { x: 0, y: 0, z: 9.999999046325684 },
      localScale: {
        x: 0.9999999403953552,
        y: 0.9999999403953552,
        z: 0.9999999403953552
      },
      localRotation: { x: 0, y: -0, z: 0, w: 0.9999999403953552 },
      inverseBindTranslation: { x: 0, y: 0, z: -10 },
      inverseBindScale: {
        x: 0.9999999403953552,
        y: 0.9999999403953552,
        z: 0.9999999403953552
      },
      inverseBindRotation: { x: 0, y: 1, z: 0, w: 0 },
      nameOffset: 8492,
      currentOffset: 8764,
      name: 'Sword1_Ground0'
    },
    {
      flags: 0,
      id: 87,
      parent: 86,
      padding: 0,
      nameHash: 16701057,
      radius: 2.0999999046325684,
      localTranslation: { x: 0, y: 0, z: 109.99999237060547 },
      localScale: {
        x: 0.9999999403953552,
        y: 0.9999999403953552,
        z: 0.9999999403953552
      },
      localRotation: { x: 0, y: -0, z: 0, w: 0.9999999403953552 },
      inverseBindTranslation: { x: 0, y: 0, z: -120 },
      inverseBindScale: {
        x: 0.9999999403953552,
        y: 0.9999999403953552,
        z: 0.9999999403953552
      },
      inverseBindRotation: { x: 0, y: 1, z: 0, w: 0 },
      nameOffset: 8408,
      currentOffset: 8864,
      name: 'Sword1_Ground1'
    },
    {
      flags: 0,
      id: 88,
      parent: 87,
      padding: 0,
      nameHash: 141740158,
      radius: 2.0999999046325684,
      localTranslation: { x: 0, y: 139.99998474121094, z: 0 },
      localScale: {
        x: 0.9999999403953552,
        y: 0.9999999403953552,
        z: 0.9999999403953552
      },
      localRotation: { x: 0, y: -0, z: 0, w: 0.9999999403953552 },
      inverseBindTranslation: { x: 0, y: -140, z: -120 },
      inverseBindScale: {
        x: 0.9999999403953552,
        y: 0.9999999403953552,
        z: 0.9999999403953552
      },
      inverseBindRotation: { x: 0, y: 1, z: 0, w: 0 },
      nameOffset: 8324,
      currentOffset: 8964,
      name: 'Sword1_Skn'
    },
    {
      flags: 0,
      id: 89,
      parent: 87,
      padding: 0,
      nameHash: 142461054,
      radius: 2.0999999046325684,
      localTranslation: { x: 0, y: 139.99998474121094, z: 0 },
      localScale: {
        x: 0.9999999403953552,
        y: 0.9999999403953552,
        z: 0.9999999403953552
      },
      localRotation: { x: 0, y: -0, z: 0, w: 0.9999999403953552 },
      inverseBindTranslation: { x: 0, y: -140, z: -120 },
      inverseBindScale: {
        x: 0.9999999403953552,
        y: 0.9999999403953552,
        z: 0.9999999403953552
      },
      inverseBindRotation: { x: 0, y: 1, z: 0, w: 0 },
      nameOffset: 8236,
      currentOffset: 9064,
      name: 'Sword6_Skn'
    },
    {
      flags: 0,
      id: 90,
      parent: 85,
      padding: 0,
      nameHash: 16700800,
      radius: 2.0999999046325684,
      localTranslation: { x: 0, y: 0, z: 9.999999046325684 },
      localScale: {
        x: 0.9999999403953552,
        y: 0.9999999403953552,
        z: 0.9999999403953552
      },
      localRotation: { x: 0, y: -0, z: 0, w: 0.9999999403953552 },
      inverseBindTranslation: { x: 0, y: 0, z: -10 },
      inverseBindScale: {
        x: 0.9999999403953552,
        y: 0.9999999403953552,
        z: 0.9999999403953552
      },
      inverseBindRotation: { x: 0, y: 1, z: 0, w: 0 },
      nameOffset: 8148,
      currentOffset: 9164,
      name: 'Sword2_Ground0'
    },
    {
      flags: 0,
      id: 91,
      parent: 90,
      padding: 0,
      nameHash: 16700801,
      radius: 2.0999999046325684,
      localTranslation: { x: 0, y: 0, z: 109.99999237060547 },
      localScale: {
        x: 0.9999999403953552,
        y: 0.9999999403953552,
        z: 0.9999999403953552
      },
      localRotation: { x: 0, y: -0, z: 0, w: 0.9999999403953552 },
      inverseBindTranslation: { x: 0, y: 0, z: -120 },
      inverseBindScale: {
        x: 0.9999999403953552,
        y: 0.9999999403953552,
        z: 0.9999999403953552
      },
      inverseBindRotation: { x: 0, y: 1, z: 0, w: 0 },
      nameOffset: 8064,
      currentOffset: 9264,
      name: 'Sword2_Ground1'
    },
    {
      flags: 0,
      id: 92,
      parent: 91,
      padding: 0,
      nameHash: 141674622,
      radius: 2.0999999046325684,
      localTranslation: { x: 0, y: 139.99998474121094, z: 0 },
      localScale: {
        x: 0.9999999403953552,
        y: 0.9999999403953552,
        z: 0.9999999403953552
      },
      localRotation: { x: 0, y: -0, z: 0, w: 0.9999999403953552 },
      inverseBindTranslation: { x: 0, y: -140, z: -120 },
      inverseBindScale: {
        x: 0.9999999403953552,
        y: 0.9999999403953552,
        z: 0.9999999403953552
      },
      inverseBindRotation: { x: 0, y: 1, z: 0, w: 0 },
      nameOffset: 7980,
      currentOffset: 9364,
      name: 'Sword2_Skn'
    },
    {
      flags: 0,
      id: 93,
      parent: 91,
      padding: 0,
      nameHash: 142526590,
      radius: 2.0999999046325684,
      localTranslation: { x: 0, y: 139.99998474121094, z: 0 },
      localScale: {
        x: 0.9999999403953552,
        y: 0.9999999403953552,
        z: 0.9999999403953552
      },
      localRotation: { x: 0, y: -0, z: 0, w: 0.9999999403953552 },
      inverseBindTranslation: { x: 0, y: -140, z: -120 },
      inverseBindScale: {
        x: 0.9999999403953552,
        y: 0.9999999403953552,
        z: 0.9999999403953552
      },
      inverseBindRotation: { x: 0, y: 1, z: 0, w: 0 },
      nameOffset: 7892,
      currentOffset: 9464,
      name: 'Sword5_Skn'
    },
    {
      flags: 0,
      id: 94,
      parent: 85,
      padding: 0,
      nameHash: 16663680,
      radius: 2.0999999046325684,
      localTranslation: { x: 0, y: 0, z: 9.999999046325684 },
      localScale: {
        x: 0.9999999403953552,
        y: 0.9999999403953552,
        z: 0.9999999403953552
      },
      localRotation: { x: 0, y: -0, z: 0, w: 0.9999999403953552 },
      inverseBindTranslation: { x: 0, y: 0, z: -10 },
      inverseBindScale: {
        x: 0.9999999403953552,
        y: 0.9999999403953552,
        z: 0.9999999403953552
      },
      inverseBindRotation: { x: 0, y: 1, z: 0, w: 0 },
      nameOffset: 7804,
      currentOffset: 9564,
      name: 'Sword3_Ground0'
    },
    {
      flags: 0,
      id: 95,
      parent: 94,
      padding: 0,
      nameHash: 16663681,
      radius: 2.0999999046325684,
      localTranslation: { x: 0, y: 0, z: 109.99999237060547 },
      localScale: {
        x: 0.9999999403953552,
        y: 0.9999999403953552,
        z: 0.9999999403953552
      },
      localRotation: { x: 0, y: -0, z: 0, w: 0.9999999403953552 },
      inverseBindTranslation: { x: 0, y: 0, z: -120 },
      inverseBindScale: {
        x: 0.9999999403953552,
        y: 0.9999999403953552,
        z: 0.9999999403953552
      },
      inverseBindRotation: { x: 0, y: 1, z: 0, w: 0 },
      nameOffset: 7720,
      currentOffset: 9664,
      name: 'Sword3_Ground1'
    },
    {
      flags: 0,
      id: 96,
      parent: 95,
      padding: 0,
      nameHash: 142657662,
      radius: 2.0999999046325684,
      localTranslation: { x: 0, y: 139.99998474121094, z: 0 },
      localScale: {
        x: 0.9999999403953552,
        y: 0.9999999403953552,
        z: 0.9999999403953552
      },
      localRotation: { x: 0, y: -0, z: 0, w: 0.9999999403953552 },
      inverseBindTranslation: { x: 0, y: -140, z: -120 },
      inverseBindScale: {
        x: 0.9999999403953552,
        y: 0.9999999403953552,
        z: 0.9999999403953552
      },
      inverseBindRotation: { x: 0, y: 1, z: 0, w: 0 },
      nameOffset: 7636,
      currentOffset: 9764,
      name: 'Sword3_Skn'
    },
    {
      flags: 0,
      id: 97,
      parent: 95,
      padding: 0,
      nameHash: 142592126,
      radius: 2.0999999046325684,
      localTranslation: { x: 0, y: 139.99998474121094, z: 0 },
      localScale: {
        x: 0.9999999403953552,
        y: 0.9999999403953552,
        z: 0.9999999403953552
      },
      localRotation: { x: 0, y: -0, z: 0, w: 0.9999999403953552 },
      inverseBindTranslation: { x: 0, y: -140, z: -120 },
      inverseBindScale: {
        x: 0.9999999403953552,
        y: 0.9999999403953552,
        z: 0.9999999403953552
      },
      inverseBindRotation: { x: 0, y: 1, z: 0, w: 0 },
      nameOffset: 7548,
      currentOffset: 9864,
      name: 'Sword4_Skn'
    },
    {
      flags: 0,
      id: 98,
      parent: -1,
      padding: 0,
      nameHash: 112288979,
      radius: 2.0999999046325684,
      localTranslation: { x: 0.0075634196400642395, y: 0, z: 0 },
      localScale: { x: 1, y: 1, z: 1 },
      localRotation: { x: 0, y: 0.9999999403953552, z: 0, w: 0 },
      inverseBindTranslation: { x: 0.0075634196400642395, y: 0, z: 0 },
      inverseBindScale: {
        x: 0.9999999403953552,
        y: 0.9999999403953552,
        z: 0.9999999403953552
      },
      inverseBindRotation: { x: 0, y: 1, z: 0, w: 0 },
      nameOffset: 7460,
      currentOffset: 9964,
      name: 'C_Buffbone_Glb_Layout_Loc'
    },
    {
      flags: 0,
      id: 99,
      parent: -1,
      padding: 0,
      nameHash: 180417155,
      radius: 2.0999999046325684,
      localTranslation: {
        x: -0.00017600800492800772,
        y: 121.56849670410156,
        z: 1.7579740285873413
      },
      localScale: { x: 1, y: 1, z: 1 },
      localRotation: { x: 0, y: 0.9999999403953552, z: 0, w: 0 },
      inverseBindTranslation: {
        x: -0.00017600800492800772,
        y: -121.56849670410156,
        z: 1.7579740285873413
      },
      inverseBindScale: {
        x: 0.9999999403953552,
        y: 0.9999999403953552,
        z: 0.9999999403953552
      },
      inverseBindRotation: { x: 0, y: 1, z: 0, w: 0 },
      nameOffset: 7388,
      currentOffset: 10064,
      name: 'C_Buffbone_Glb_Center_Loc'
    },
    ... 48 more items
  ],
  influences: [
      1,   2,   3,   4,   7,   8,   9,  10,  12,  13,  14,  15,
     17,  18,  19,  20,  27,  28,  29,  30,  32,  33,  34,  35,
     36,  37,  38,  39,  40,  41,  47,  48,  49,  50,  51,  52,
     53,  54,  55,  56,  57,  58,  59,  60,  61,  68,  70,  71,
     73,  74,  76,  77,  79,  80,  82,  88,  89,  92,  93,  96,
     97, 107, 108, 109, 110, 111, 112, 117, 118, 119, 120, 121,
    122, 123, 124, 125, 140, 141, 145, 146, 147
  ],
  jointIndices: [
    { id: 125, pad: 0, hash: 28807 },
    { id: 4, pad: 0, hash: 453492 },
    { id: 3, pad: 0, hash: 478107 },
    { id: 0, pad: 0, hash: 497252 },
    { id: 146, pad: 0, hash: 1222337 },
    { id: 147, pad: 0, hash: 1222338 },
    { id: 145, pad: 0, hash: 1222339 },
    { id: 11, pad: 0, hash: 1371364 },
    { id: 127, pad: 0, hash: 1380017 },
    { id: 128, pad: 0, hash: 1380018 },
    { id: 136, pad: 0, hash: 1380019 },
    { id: 137, pad: 0, hash: 1380020 },
    { id: 16, pad: 0, hash: 2026724 },
    { id: 130, pad: 0, hash: 2035377 },
    { id: 131, pad: 0, hash: 2035378 },
    { id: 143, pad: 0, hash: 2035379 },
    { id: 144, pad: 0, hash: 2035380 },
    { id: 6, pad: 0, hash: 3140836 },
    { id: 102, pad: 0, hash: 4929107 },
    { id: 84, pad: 0, hash: 7280530 },
    { id: 83, pad: 0, hash: 7321490 },
    { id: 119, pad: 0, hash: 7494901 },
    { id: 71, pad: 0, hash: 7495424 },
    { id: 76, pad: 0, hash: 7498581 },
    { id: 120, pad: 0, hash: 7888117 },
    { id: 77, pad: 0, hash: 7888640 },
    { id: 82, pad: 0, hash: 7891797 },
    { id: 5, pad: 0, hash: 8846564 },
    { id: 47, pad: 0, hash: 12935332 },
    { id: 42, pad: 0, hash: 14426260 },
    { id: 94, pad: 0, hash: 16663680 },
    { id: 95, pad: 0, hash: 16663681 },
    { id: 90, pad: 0, hash: 16700800 },
    { id: 91, pad: 0, hash: 16700801 },
    { id: 86, pad: 0, hash: 16701056 },
    { id: 87, pad: 0, hash: 16701057 },
    { id: 100, pad: 0, hash: 16949523 },
    { id: 26, pad: 0, hash: 33814129 },
    { id: 132, pad: 0, hash: 33814130 },
    { id: 110, pad: 0, hash: 36023026 },
    { id: 108, pad: 0, hash: 37205684 },
    { id: 101, pad: 0, hash: 37563331 },
    { id: 29, pad: 0, hash: 39594263 },
    { id: 12, pad: 0, hash: 39747617 },
    { id: 13, pad: 0, hash: 39747618 },
    { id: 14, pad: 0, hash: 39747619 },
    { id: 15, pad: 0, hash: 39747620 },
    { id: 138, pad: 0, hash: 39747621 },
    { id: 139, pad: 0, hash: 39747622 },
    { id: 38, pad: 0, hash: 40436945 },
    { id: 39, pad: 0, hash: 40436946 },
    { id: 118, pad: 0, hash: 40879778 },
    { id: 113, pad: 0, hash: 42509490 },
    { id: 114, pad: 0, hash: 42512050 },
    { id: 48, pad: 0, hash: 42696069 },
    { id: 27, pad: 0, hash: 42720645 },
    { id: 103, pad: 0, hash: 44968401 },
    { id: 117, pad: 0, hash: 47171234 },
    { id: 134, pad: 0, hash: 47419784 },
    { id: 21, pad: 0, hash: 49953683 },
    { id: 36, pad: 0, hash: 66773217 },
    { id: 37, pad: 0, hash: 66773218 },
    { id: 56, pad: 0, hash: 66775777 },
    { id: 57, pad: 0, hash: 66775778 },
    { id: 106, pad: 0, hash: 70950738 },
    { id: 69, pad: 0, hash: 78637603 },
    { id: 122, pad: 0, hash: 97502580 },
    { id: 121, pad: 0, hash: 97502676 },
    { id: 54, pad: 0, hash: 100969265 },
    { id: 55, pad: 0, hash: 100969266 },
    { id: 34, pad: 0, hash: 100969361 },
    { id: 35, pad: 0, hash: 100969362 },
    { id: 25, pad: 0, hash: 107255700 },
    { id: 22, pad: 0, hash: 107648916 },
    { id: 60, pad: 0, hash: 108025153 },
    { id: 61, pad: 0, hash: 108025154 },
    { id: 40, pad: 0, hash: 108025313 },
    { id: 41, pad: 0, hash: 108025314 },
    { id: 32, pad: 0, hash: 112182385 },
    { id: 33, pad: 0, hash: 112182386 },
    { id: 52, pad: 0, hash: 112182481 },
    { id: 53, pad: 0, hash: 112182482 },
    { id: 98, pad: 0, hash: 112288979 },
    { id: 74, pad: 0, hash: 119920228 },
    { id: 30, pad: 0, hash: 119924804 },
    { id: 70, pad: 0, hash: 124534019 },
    { id: 80, pad: 0, hash: 126211684 },
    { id: 51, pad: 0, hash: 126216260 },
    { id: 1, pad: 0, hash: 128386177 },
    { id: 2, pad: 0, hash: 128386178 },
    { id: 111, pad: 0, hash: 129414754 },
    { id: 112, pad: 0, hash: 129416290 },
    { id: 50, pad: 0, hash: 140257559 },
    { id: 17, pad: 0, hash: 140410913 },
    { id: 18, pad: 0, hash: 140410914 },
    { id: 19, pad: 0, hash: 140410915 },
    { id: 20, pad: 0, hash: 140410916 },
    { id: 141, pad: 0, hash: 140410917 },
    { id: 142, pad: 0, hash: 140410918 },
    { id: 58, pad: 0, hash: 141100241 },
    ... 48 more items
  ],
  name: '',
  assetName: ''
}
